# JRE version: Java(TM) SE Runtime Environment (8.0_111-b14) (build 1.8.0_111-b14)
# Java VM: Java HotSpot(TM) 64-Bit Server VM (25.111-b14 mixed mode windows-amd64 compressed oops)
Heap:
 PSYoungGen      total 34816K, used 17116K [0x00000000eab00000, 0x00000000ee780000, 0x0000000100000000)
  eden space 32256K, 48% used [0x00000000eab00000,0x00000000eba43a18,0x00000000eca80000)
  from space 2560K, 58% used [0x00000000eca80000,0x00000000ecbf3990,0x00000000ecd00000)
  to   space 7168K, 0% used [0x00000000ee080000,0x00000000ee080000,0x00000000ee780000)
 ParOldGen       total 33280K, used 7087K [0x00000000c0000000, 0x00000000c2080000, 0x00000000eab00000)
  object space 33280K, 21% used [0x00000000c0000000,0x00000000c06ebf38,0x00000000c2080000)
 Metaspace       used 24032K, capacity 24280K, committed 24704K, reserved 1071104K
  class space    used 3044K, capacity 3135K, committed 3200K, reserved 1048576K
GC Heap History (10 events):
Event: 4.530 GC heap before
{Heap before GC invocations=2 (full 0):
 PSYoungGen      total 18944K, used 18921K [0x00000000eab00000, 0x00000000ed000000, 0x0000000100000000)
  eden space 16384K, 100% used [0x00000000eab00000,0x00000000ebb00000,0x00000000ebb00000)
  from space 2560K, 99% used [0x00000000ebb00000,0x00000000ebd7a610,0x00000000ebd80000)
  to   space 2560K, 0% used [0x00000000ecd80000,0x00000000ecd80000,0x00000000ed000000)
 ParOldGen       total 44032K, used 1379K [0x00000000c0000000, 0x00000000c2b00000, 0x00000000eab00000)
  object space 44032K, 3% used [0x00000000c0000000,0x00000000c0158c60,0x00000000c2b00000)
 Metaspace       used 19325K, capacity 19532K, committed 19840K, reserved 1067008K
  class space    used 2528K, capacity 2620K, committed 2688K, reserved 1048576K
Event: 4.544 GC heap after
Heap after GC invocations=2 (full 0):
 PSYoungGen      total 18944K, used 2557K [0x00000000eab00000, 0x00000000ed000000, 0x0000000100000000)
  eden space 16384K, 0% used [0x00000000eab00000,0x00000000eab00000,0x00000000ebb00000)
  from space 2560K, 99% used [0x00000000ecd80000,0x00000000ecfff6b0,0x00000000ed000000)
  to   space 2560K, 0% used [0x00000000ebb00000,0x00000000ebb00000,0x00000000ebd80000)
 ParOldGen       total 44032K, used 4903K [0x00000000c0000000, 0x00000000c2b00000, 0x00000000eab00000)
  object space 44032K, 11% used [0x00000000c0000000,0x00000000c04c9d28,0x00000000c2b00000)
 Metaspace       used 19325K, capacity 19532K, committed 19840K, reserved 1067008K
  class space    used 2528K, capacity 2620K, committed 2688K, reserved 1048576K
}
Event: 4.683 GC heap before
{Heap before GC invocations=3 (full 0):
 PSYoungGen      total 18944K, used 8184K [0x00000000eab00000, 0x00000000ed000000, 0x0000000100000000)
  eden space 16384K, 34% used [0x00000000eab00000,0x00000000eb07ed18,0x00000000ebb00000)
  from space 2560K, 99% used [0x00000000ecd80000,0x00000000ecfff6b0,0x00000000ed000000)
  to   space 2560K, 0% used [0x00000000ebb00000,0x00000000ebb00000,0x00000000ebd80000)
 ParOldGen       total 44032K, used 4903K [0x00000000c0000000, 0x00000000c2b00000, 0x00000000eab00000)
  object space 44032K, 11% used [0x00000000c0000000,0x00000000c04c9d28,0x00000000c2b00000)
 Metaspace       used 20911K, capacity 21132K, committed 21248K, reserved 1067008K
  class space    used 2741K, capacity 2812K, committed 2816K, reserved 1048576K
Event: 4.691 GC heap after
Heap after GC invocations=3 (full 0):
 PSYoungGen      total 18944K, used 2281K [0x00000000eab00000, 0x00000000ed000000, 0x0000000100000000)
  eden space 16384K, 0% used [0x00000000eab00000,0x00000000eab00000,0x00000000ebb00000)
  from space 2560K, 89% used [0x00000000ebb00000,0x00000000ebd3a4e8,0x00000000ebd80000)
  to   space 2560K, 0% used [0x00000000ecd80000,0x00000000ecd80000,0x00000000ed000000)
 ParOldGen       total 44032K, used 8043K [0x00000000c0000000, 0x00000000c2b00000, 0x00000000eab00000)
  object space 44032K, 18% used [0x00000000c0000000,0x00000000c07daf08,0x00000000c2b00000)
 Metaspace       used 20911K, capacity 21132K, committed 21248K, reserved 1067008K
  class space    used 2741K, capacity 2812K, committed 2816K, reserved 1048576K
}
Event: 4.691 GC heap before
{Heap before GC invocations=4 (full 1):
 PSYoungGen      total 18944K, used 2281K [0x00000000eab00000, 0x00000000ed000000, 0x0000000100000000)
  eden space 16384K, 0% used [0x00000000eab00000,0x00000000eab00000,0x00000000ebb00000)
  from space 2560K, 89% used [0x00000000ebb00000,0x00000000ebd3a4e8,0x00000000ebd80000)
  to   space 2560K, 0% used [0x00000000ecd80000,0x00000000ecd80000,0x00000000ed000000)
 ParOldGen       total 44032K, used 8043K [0x00000000c0000000, 0x00000000c2b00000, 0x00000000eab00000)
  object space 44032K, 18% used [0x00000000c0000000,0x00000000c07daf08,0x00000000c2b00000)
 Metaspace       used 20911K, capacity 21132K, committed 21248K, reserved 1067008K
  class space    used 2741K, capacity 2812K, committed 2816K, reserved 1048576K
Event: 4.739 GC heap after
Heap after GC invocations=4 (full 1):
 PSYoungGen      total 18944K, used 0K [0x00000000eab00000, 0x00000000ed000000, 0x0000000100000000)
  eden space 16384K, 0% used [0x00000000eab00000,0x00000000eab00000,0x00000000ebb00000)
  from space 2560K, 0% used [0x00000000ebb00000,0x00000000ebb00000,0x00000000ebd80000)
  to   space 2560K, 0% used [0x00000000ecd80000,0x00000000ecd80000,0x00000000ed000000)
 ParOldGen       total 33280K, used 7071K [0x00000000c0000000, 0x00000000c2080000, 0x00000000eab00000)
  object space 33280K, 21% used [0x00000000c0000000,0x00000000c06e7f38,0x00000000c2080000)
 Metaspace       used 20911K, capacity 21132K, committed 21248K, reserved 1067008K
  class space    used 2741K, capacity 2812K, committed 2816K, reserved 1048576K
}
Event: 5.104 GC heap before
{Heap before GC invocations=5 (full 1):
 PSYoungGen      total 18944K, used 16384K [0x00000000eab00000, 0x00000000ed000000, 0x0000000100000000)
  eden space 16384K, 100% used [0x00000000eab00000,0x00000000ebb00000,0x00000000ebb00000)
  from space 2560K, 0% used [0x00000000ebb00000,0x00000000ebb00000,0x00000000ebd80000)
  to   space 2560K, 0% used [0x00000000ecd80000,0x00000000ecd80000,0x00000000ed000000)
 ParOldGen       total 33280K, used 7071K [0x00000000c0000000, 0x00000000c2080000, 0x00000000eab00000)
  object space 33280K, 21% used [0x00000000c0000000,0x00000000c06e7f38,0x00000000c2080000)
 Metaspace       used 22275K, capacity 22514K, committed 22784K, reserved 1069056K
  class space    used 2902K, capacity 2974K, committed 3072K, reserved 1048576K
Event: 5.110 GC heap after
Heap after GC invocations=5 (full 1):
 PSYoungGen      total 29696K, used 1687K [0x00000000eab00000, 0x00000000ecf80000, 0x0000000100000000)
  eden space 27648K, 0% used [0x00000000eab00000,0x00000000eab00000,0x00000000ec600000)
  from space 2048K, 82% used [0x00000000ecd80000,0x00000000ecf25cd8,0x00000000ecf80000)
  to   space 2560K, 0% used [0x00000000eca80000,0x00000000eca80000,0x00000000ecd00000)
 ParOldGen       total 33280K, used 7079K [0x00000000c0000000, 0x00000000c2080000, 0x00000000eab00000)
  object space 33280K, 21% used [0x00000000c0000000,0x00000000c06e9f38,0x00000000c2080000)
 Metaspace       used 22275K, capacity 22514K, committed 22784K, reserved 1069056K
  class space    used 2902K, capacity 2974K, committed 3072K, reserved 1048576K
}
Event: 5.441 GC heap before
{Heap before GC invocations=6 (full 1):
 PSYoungGen      total 29696K, used 29335K [0x00000000eab00000, 0x00000000ecf80000, 0x0000000100000000)
  eden space 27648K, 100% used [0x00000000eab00000,0x00000000ec600000,0x00000000ec600000)
  from space 2048K, 82% used [0x00000000ecd80000,0x00000000ecf25cd8,0x00000000ecf80000)
  to   space 2560K, 0% used [0x00000000eca80000,0x00000000eca80000,0x00000000ecd00000)
 ParOldGen       total 33280K, used 7079K [0x00000000c0000000, 0x00000000c2080000, 0x00000000eab00000)
  object space 33280K, 21% used [0x00000000c0000000,0x00000000c06e9f38,0x00000000c2080000)
 Metaspace       used 22610K, capacity 22808K, committed 23040K, reserved 1069056K
  class space    used 2918K, capacity 3007K, committed 3072K, reserved 1048576K
Event: 5.452 GC heap after
Heap after GC invocations=6 (full 1):
 PSYoungGen      total 34816K, used 1486K [0x00000000eab00000, 0x00000000ee780000, 0x0000000100000000)
  eden space 32256K, 0% used [0x00000000eab00000,0x00000000eab00000,0x00000000eca80000)
  from space 2560K, 58% used [0x00000000eca80000,0x00000000ecbf3990,0x00000000ecd00000)
  to   space 7168K, 0% used [0x00000000ee080000,0x00000000ee080000,0x00000000ee780000)
 ParOldGen       total 33280K, used 7087K [0x00000000c0000000, 0x00000000c2080000, 0x00000000eab00000)
  object space 33280K, 21% used [0x00000000c0000000,0x00000000c06ebf38,0x00000000c2080000)
 Metaspace       used 22610K, capacity 22808K, committed 23040K, reserved 1069056K
  class space    used 2918K, capacity 3007K, committed 3072K, reserved 1048576K
}

