# JRE version: Java(TM) SE Runtime Environment (8.0_111-b14) (build 1.8.0_111-b14)
# Java VM: Java HotSpot(TM) 64-Bit Server VM (25.111-b14 mixed mode windows-amd64 compressed oops)
Heap:
 PSYoungGen      total 18944K, used 1672K [0x00000000eab00000, 0x00000000ed000000, 0x0000000100000000)
  eden space 16384K, 10% used [0x00000000eab00000,0x00000000eaca2098,0x00000000ebb00000)
  from space 2560K, 0% used [0x00000000ebb00000,0x00000000ebb00000,0x00000000ebd80000)
  to   space 2560K, 0% used [0x00000000ecd80000,0x00000000ecd80000,0x00000000ed000000)
 ParOldGen       total 33792K, used 6452K [0x00000000c0000000, 0x00000000c2100000, 0x00000000eab00000)
  object space 33792K, 19% used [0x00000000c0000000,0x00000000c064d290,0x00000000c2100000)
 Metaspace       used 21214K, capacity 21462K, committed 21680K, reserved 1069056K
  class space    used 2787K, capacity 2878K, committed 2992K, reserved 1048576K
GC Heap History (8 events):
Event: 1.371 GC heap before
{Heap before GC invocations=1 (full 0):
 PSYoungGen      total 18944K, used 16384K [0x00000000eab00000, 0x00000000ec000000, 0x0000000100000000)
  eden space 16384K, 100% used [0x00000000eab00000,0x00000000ebb00000,0x00000000ebb00000)
  from space 2560K, 0% used [0x00000000ebd80000,0x00000000ebd80000,0x00000000ec000000)
  to   space 2560K, 0% used [0x00000000ebb00000,0x00000000ebb00000,0x00000000ebd80000)
 ParOldGen       total 44032K, used 0K [0x00000000c0000000, 0x00000000c2b00000, 0x00000000eab00000)
  object space 44032K, 0% used [0x00000000c0000000,0x00000000c0000000,0x00000000c2b00000)
 Metaspace       used 15080K, capacity 15322K, committed 15744K, reserved 1062912K
  class space    used 1989K, capacity 2073K, committed 2176K, reserved 1048576K
Event: 1.389 GC heap after
Heap after GC invocations=1 (full 0):
 PSYoungGen      total 18944K, used 2537K [0x00000000eab00000, 0x00000000ed000000, 0x0000000100000000)
  eden space 16384K, 0% used [0x00000000eab00000,0x00000000eab00000,0x00000000ebb00000)
  from space 2560K, 99% used [0x00000000ebb00000,0x00000000ebd7a610,0x00000000ebd80000)
  to   space 2560K, 0% used [0x00000000ecd80000,0x00000000ecd80000,0x00000000ed000000)
 ParOldGen       total 44032K, used 1530K [0x00000000c0000000, 0x00000000c2b00000, 0x00000000eab00000)
  object space 44032K, 3% used [0x00000000c0000000,0x00000000c017eae8,0x00000000c2b00000)
 Metaspace       used 15080K, capacity 15322K, committed 15744K, reserved 1062912K
  class space    used 1989K, capacity 2073K, committed 2176K, reserved 1048576K
}
Event: 3.373 GC heap before
{Heap before GC invocations=2 (full 0):
 PSYoungGen      total 18944K, used 18921K [0x00000000eab00000, 0x00000000ed000000, 0x0000000100000000)
  eden space 16384K, 100% used [0x00000000eab00000,0x00000000ebb00000,0x00000000ebb00000)
  from space 2560K, 99% used [0x00000000ebb00000,0x00000000ebd7a610,0x00000000ebd80000)
  to   space 2560K, 0% used [0x00000000ecd80000,0x00000000ecd80000,0x00000000ed000000)
 ParOldGen       total 44032K, used 1530K [0x00000000c0000000, 0x00000000c2b00000, 0x00000000eab00000)
  object space 44032K, 3% used [0x00000000c0000000,0x00000000c017eae8,0x00000000c2b00000)
 Metaspace       used 19395K, capacity 19600K, committed 19840K, reserved 1067008K
  class space    used 2539K, capacity 2620K, committed 2688K, reserved 1048576K
Event: 3.388 GC heap after
Heap after GC invocations=2 (full 0):
 PSYoungGen      total 18944K, used 2557K [0x00000000eab00000, 0x00000000ed000000, 0x0000000100000000)
  eden space 16384K, 0% used [0x00000000eab00000,0x00000000eab00000,0x00000000ebb00000)
  from space 2560K, 99% used [0x00000000ecd80000,0x00000000ecfff6d0,0x00000000ed000000)
  to   space 2560K, 0% used [0x00000000ebb00000,0x00000000ebb00000,0x00000000ebd80000)
 ParOldGen       total 44032K, used 5349K [0x00000000c0000000, 0x00000000c2b00000, 0x00000000eab00000)
  object space 44032K, 12% used [0x00000000c0000000,0x00000000c0539518,0x00000000c2b00000)
 Metaspace       used 19395K, capacity 19600K, committed 19840K, reserved 1067008K
  class space    used 2539K, capacity 2620K, committed 2688K, reserved 1048576K
}
Event: 3.515 GC heap before
{Heap before GC invocations=3 (full 0):
 PSYoungGen      total 18944K, used 8259K [0x00000000eab00000, 0x00000000ed000000, 0x0000000100000000)
  eden space 16384K, 34% used [0x00000000eab00000,0x00000000eb091550,0x00000000ebb00000)
  from space 2560K, 99% used [0x00000000ecd80000,0x00000000ecfff6d0,0x00000000ed000000)
  to   space 2560K, 0% used [0x00000000ebb00000,0x00000000ebb00000,0x00000000ebd80000)
 ParOldGen       total 44032K, used 5349K [0x00000000c0000000, 0x00000000c2b00000, 0x00000000eab00000)
  object space 44032K, 12% used [0x00000000c0000000,0x00000000c0539518,0x00000000c2b00000)
 Metaspace       used 20961K, capacity 21168K, committed 21296K, reserved 1067008K
  class space    used 2753K, capacity 2844K, committed 2864K, reserved 1048576K
Event: 3.522 GC heap after
Heap after GC invocations=3 (full 0):
 PSYoungGen      total 18944K, used 2268K [0x00000000eab00000, 0x00000000ed000000, 0x0000000100000000)
  eden space 16384K, 0% used [0x00000000eab00000,0x00000000eab00000,0x00000000ebb00000)
  from space 2560K, 88% used [0x00000000ebb00000,0x00000000ebd37018,0x00000000ebd80000)
  to   space 2560K, 0% used [0x00000000ecd80000,0x00000000ecd80000,0x00000000ed000000)
 ParOldGen       total 44032K, used 6401K [0x00000000c0000000, 0x00000000c2b00000, 0x00000000eab00000)
  object space 44032K, 14% used [0x00000000c0000000,0x00000000c06405b8,0x00000000c2b00000)
 Metaspace       used 20961K, capacity 21168K, committed 21296K, reserved 1067008K
  class space    used 2753K, capacity 2844K, committed 2864K, reserved 1048576K
}
Event: 3.522 GC heap before
{Heap before GC invocations=4 (full 1):
 PSYoungGen      total 18944K, used 2268K [0x00000000eab00000, 0x00000000ed000000, 0x0000000100000000)
  eden space 16384K, 0% used [0x00000000eab00000,0x00000000eab00000,0x00000000ebb00000)
  from space 2560K, 88% used [0x00000000ebb00000,0x00000000ebd37018,0x00000000ebd80000)
  to   space 2560K, 0% used [0x00000000ecd80000,0x00000000ecd80000,0x00000000ed000000)
 ParOldGen       total 44032K, used 6401K [0x00000000c0000000, 0x00000000c2b00000, 0x00000000eab00000)
  object space 44032K, 14% used [0x00000000c0000000,0x00000000c06405b8,0x00000000c2b00000)
 Metaspace       used 20961K, capacity 21168K, committed 21296K, reserved 1067008K
  class space    used 2753K, capacity 2844K, committed 2864K, reserved 1048576K
Event: 3.567 GC heap after
Heap after GC invocations=4 (full 1):
 PSYoungGen      total 18944K, used 0K [0x00000000eab00000, 0x00000000ed000000, 0x0000000100000000)
  eden space 16384K, 0% used [0x00000000eab00000,0x00000000eab00000,0x00000000ebb00000)
  from space 2560K, 0% used [0x00000000ebb00000,0x00000000ebb00000,0x00000000ebd80000)
  to   space 2560K, 0% used [0x00000000ecd80000,0x00000000ecd80000,0x00000000ed000000)
 ParOldGen       total 33792K, used 6452K [0x00000000c0000000, 0x00000000c2100000, 0x00000000eab00000)
  object space 33792K, 19% used [0x00000000c0000000,0x00000000c064d290,0x00000000c2100000)
 Metaspace       used 20961K, capacity 21168K, committed 21296K, reserved 1067008K
  class space    used 2753K, capacity 2844K, committed 2864K, reserved 1048576K
}

