# JRE version: Java(TM) SE Runtime Environment (8.0_111-b14) (build 1.8.0_111-b14)
# Java VM: Java HotSpot(TM) 64-Bit Server VM (25.111-b14 mixed mode windows-amd64 compressed oops)
Heap:
 PSYoungGen      total 57856K, used 46065K [0x00000000eab00000, 0x00000000eee80000, 0x0000000100000000)
  eden space 51200K, 81% used [0x00000000eab00000,0x00000000ed3fa468,0x00000000edd00000)
  from space 6656K, 61% used [0x00000000ee380000,0x00000000ee7821e0,0x00000000eea00000)
  to   space 6656K, 0% used [0x00000000edd00000,0x00000000edd00000,0x00000000ee380000)
 ParOldGen       total 31232K, used 6515K [0x00000000c0000000, 0x00000000c1e80000, 0x00000000eab00000)
  object space 31232K, 20% used [0x00000000c0000000,0x00000000c065cc70,0x00000000c1e80000)
 Metaspace       used 29662K, capacity 30202K, committed 30336K, reserved 1075200K
  class space    used 3725K, capacity 3861K, committed 3968K, reserved 1048576K
GC Heap History (10 events):
Event: 6.812 GC heap before
{Heap before GC invocations=3 (full 0):
 PSYoungGen      total 18944K, used 7350K [0x00000000eab00000, 0x00000000ed000000, 0x0000000100000000)
  eden space 16384K, 29% used [0x00000000eab00000,0x00000000eafb3390,0x00000000ebb00000)
  from space 2560K, 99% used [0x00000000ecd80000,0x00000000ecffa610,0x00000000ed000000)
  to   space 2560K, 0% used [0x00000000ebb00000,0x00000000ebb00000,0x00000000ebd80000)
 ParOldGen       total 44032K, used 4789K [0x00000000c0000000, 0x00000000c2b00000, 0x00000000eab00000)
  object space 44032K, 10% used [0x00000000c0000000,0x00000000c04ad468,0x00000000c2b00000)
 Metaspace       used 20890K, capacity 21104K, committed 21248K, reserved 1067008K
  class space    used 2712K, capacity 2780K, committed 2816K, reserved 1048576K
Event: 6.821 GC heap after
Heap after GC invocations=3 (full 0):
 PSYoungGen      total 18944K, used 2553K [0x00000000eab00000, 0x00000000ed000000, 0x0000000100000000)
  eden space 16384K, 0% used [0x00000000eab00000,0x00000000eab00000,0x00000000ebb00000)
  from space 2560K, 99% used [0x00000000ebb00000,0x00000000ebd7e630,0x00000000ebd80000)
  to   space 2560K, 0% used [0x00000000ecd80000,0x00000000ecd80000,0x00000000ed000000)
 ParOldGen       total 44032K, used 5554K [0x00000000c0000000, 0x00000000c2b00000, 0x00000000eab00000)
  object space 44032K, 12% used [0x00000000c0000000,0x00000000c056cb18,0x00000000c2b00000)
 Metaspace       used 20890K, capacity 21104K, committed 21248K, reserved 1067008K
  class space    used 2712K, capacity 2780K, committed 2816K, reserved 1048576K
}
Event: 6.821 GC heap before
{Heap before GC invocations=4 (full 1):
 PSYoungGen      total 18944K, used 2553K [0x00000000eab00000, 0x00000000ed000000, 0x0000000100000000)
  eden space 16384K, 0% used [0x00000000eab00000,0x00000000eab00000,0x00000000ebb00000)
  from space 2560K, 99% used [0x00000000ebb00000,0x00000000ebd7e630,0x00000000ebd80000)
  to   space 2560K, 0% used [0x00000000ecd80000,0x00000000ecd80000,0x00000000ed000000)
 ParOldGen       total 44032K, used 5554K [0x00000000c0000000, 0x00000000c2b00000, 0x00000000eab00000)
  object space 44032K, 12% used [0x00000000c0000000,0x00000000c056cb18,0x00000000c2b00000)
 Metaspace       used 20890K, capacity 21104K, committed 21248K, reserved 1067008K
  class space    used 2712K, capacity 2780K, committed 2816K, reserved 1048576K
Event: 6.864 GC heap after
Heap after GC invocations=4 (full 1):
 PSYoungGen      total 18944K, used 0K [0x00000000eab00000, 0x00000000ed000000, 0x0000000100000000)
  eden space 16384K, 0% used [0x00000000eab00000,0x00000000eab00000,0x00000000ebb00000)
  from space 2560K, 0% used [0x00000000ebb00000,0x00000000ebb00000,0x00000000ebd80000)
  to   space 2560K, 0% used [0x00000000ecd80000,0x00000000ecd80000,0x00000000ed000000)
 ParOldGen       total 31232K, used 6491K [0x00000000c0000000, 0x00000000c1e80000, 0x00000000eab00000)
  object space 31232K, 20% used [0x00000000c0000000,0x00000000c0656c70,0x00000000c1e80000)
 Metaspace       used 20890K, capacity 21104K, committed 21248K, reserved 1067008K
  class space    used 2712K, capacity 2780K, committed 2816K, reserved 1048576K
}
Event: 7.274 GC heap before
{Heap before GC invocations=5 (full 1):
 PSYoungGen      total 18944K, used 16384K [0x00000000eab00000, 0x00000000ed000000, 0x0000000100000000)
  eden space 16384K, 100% used [0x00000000eab00000,0x00000000ebb00000,0x00000000ebb00000)
  from space 2560K, 0% used [0x00000000ebb00000,0x00000000ebb00000,0x00000000ebd80000)
  to   space 2560K, 0% used [0x00000000ecd80000,0x00000000ecd80000,0x00000000ed000000)
 ParOldGen       total 31232K, used 6491K [0x00000000c0000000, 0x00000000c1e80000, 0x00000000eab00000)
  object space 31232K, 20% used [0x00000000c0000000,0x00000000c0656c70,0x00000000c1e80000)
 Metaspace       used 22236K, capacity 22454K, committed 22784K, reserved 1069056K
  class space    used 2881K, capacity 2974K, committed 3072K, reserved 1048576K
Event: 7.281 GC heap after
Heap after GC invocations=5 (full 1):
 PSYoungGen      total 30720K, used 1429K [0x00000000eab00000, 0x00000000ecf00000, 0x0000000100000000)
  eden space 29184K, 0% used [0x00000000eab00000,0x00000000eab00000,0x00000000ec780000)
  from space 1536K, 93% used [0x00000000ecd80000,0x00000000ecee57a0,0x00000000ecf00000)
  to   space 2560K, 0% used [0x00000000eca00000,0x00000000eca00000,0x00000000ecc80000)
 ParOldGen       total 31232K, used 6499K [0x00000000c0000000, 0x00000000c1e80000, 0x00000000eab00000)
  object space 31232K, 20% used [0x00000000c0000000,0x00000000c0658c70,0x00000000c1e80000)
 Metaspace       used 22236K, capacity 22454K, committed 22784K, reserved 1069056K
  class space    used 2881K, capacity 2974K, committed 3072K, reserved 1048576K
}
Event: 7.634 GC heap before
{Heap before GC invocations=6 (full 1):
 PSYoungGen      total 30720K, used 30613K [0x00000000eab00000, 0x00000000ecf00000, 0x0000000100000000)
  eden space 29184K, 100% used [0x00000000eab00000,0x00000000ec780000,0x00000000ec780000)
  from space 1536K, 93% used [0x00000000ecd80000,0x00000000ecee57a0,0x00000000ecf00000)
  to   space 2560K, 0% used [0x00000000eca00000,0x00000000eca00000,0x00000000ecc80000)
 ParOldGen       total 31232K, used 6499K [0x00000000c0000000, 0x00000000c1e80000, 0x00000000eab00000)
  object space 31232K, 20% used [0x00000000c0000000,0x00000000c0658c70,0x00000000c1e80000)
 Metaspace       used 23018K, capacity 23228K, committed 23552K, reserved 1069056K
  class space    used 2960K, capacity 3039K, committed 3072K, reserved 1048576K
Event: 7.640 GC heap after
Heap after GC invocations=6 (full 1):
 PSYoungGen      total 34304K, used 2027K [0x00000000eab00000, 0x00000000eea00000, 0x0000000100000000)
  eden space 31744K, 0% used [0x00000000eab00000,0x00000000eab00000,0x00000000eca00000)
  from space 2560K, 79% used [0x00000000eca00000,0x00000000ecbfae08,0x00000000ecc80000)
  to   space 6656K, 0% used [0x00000000ee380000,0x00000000ee380000,0x00000000eea00000)
 ParOldGen       total 31232K, used 6507K [0x00000000c0000000, 0x00000000c1e80000, 0x00000000eab00000)
  object space 31232K, 20% used [0x00000000c0000000,0x00000000c065ac70,0x00000000c1e80000)
 Metaspace       used 23018K, capacity 23228K, committed 23552K, reserved 1069056K
  class space    used 2960K, capacity 3039K, committed 3072K, reserved 1048576K
}
Event: 8.170 GC heap before
{Heap before GC invocations=7 (full 1):
 PSYoungGen      total 34304K, used 33771K [0x00000000eab00000, 0x00000000eea00000, 0x0000000100000000)
  eden space 31744K, 100% used [0x00000000eab00000,0x00000000eca00000,0x00000000eca00000)
  from space 2560K, 79% used [0x00000000eca00000,0x00000000ecbfae08,0x00000000ecc80000)
  to   space 6656K, 0% used [0x00000000ee380000,0x00000000ee380000,0x00000000eea00000)
 ParOldGen       total 31232K, used 6507K [0x00000000c0000000, 0x00000000c1e80000, 0x00000000eab00000)
  object space 31232K, 20% used [0x00000000c0000000,0x00000000c065ac70,0x00000000c1e80000)
 Metaspace       used 25384K, capacity 25640K, committed 25856K, reserved 1071104K
  class space    used 3167K, capacity 3265K, committed 3328K, reserved 1048576K
Event: 8.179 GC heap after
Heap after GC invocations=7 (full 1):
 PSYoungGen      total 57856K, used 4104K [0x00000000eab00000, 0x00000000eee80000, 0x0000000100000000)
  eden space 51200K, 0% used [0x00000000eab00000,0x00000000eab00000,0x00000000edd00000)
  from space 6656K, 61% used [0x00000000ee380000,0x00000000ee7821e0,0x00000000eea00000)
  to   space 6656K, 0% used [0x00000000edd00000,0x00000000edd00000,0x00000000ee380000)
 ParOldGen       total 31232K, used 6515K [0x00000000c0000000, 0x00000000c1e80000, 0x00000000eab00000)
  object space 31232K, 20% used [0x00000000c0000000,0x00000000c065cc70,0x00000000c1e80000)
 Metaspace       used 25384K, capacity 25640K, committed 25856K, reserved 1071104K
  class space    used 3167K, capacity 3265K, committed 3328K, reserved 1048576K
}

