# JRE version: Java(TM) SE Runtime Environment (8.0_111-b14) (build 1.8.0_111-b14)
# Java VM: Java HotSpot(TM) 64-Bit Server VM (25.111-b14 mixed mode windows-amd64 compressed oops)
Heap:
 PSYoungGen      total 68096K, used 22588K [0x00000000eab00000, 0x00000000f0980000, 0x0000000100000000)
  eden space 65536K, 30% used [0x00000000eab00000,0x00000000ebe90978,0x00000000eeb00000)
  from space 2560K, 99% used [0x00000000eeb00000,0x00000000eed7ea30,0x00000000eed80000)
  to   space 7168K, 0% used [0x00000000f0280000,0x00000000f0280000,0x00000000f0980000)
 ParOldGen       total 33792K, used 8832K [0x00000000c0000000, 0x00000000c2100000, 0x00000000eab00000)
  object space 33792K, 26% used [0x00000000c0000000,0x00000000c08a0210,0x00000000c2100000)
 Metaspace       used 31995K, capacity 32574K, committed 32768K, reserved 1077248K
  class space    used 4152K, capacity 4331K, committed 4352K, reserved 1048576K
GC Heap History (10 events):
Event: 3.566 GC heap before
{Heap before GC invocations=2 (full 0):
 PSYoungGen      total 18944K, used 18921K [0x00000000eab00000, 0x00000000ed000000, 0x0000000100000000)
  eden space 16384K, 100% used [0x00000000eab00000,0x00000000ebb00000,0x00000000ebb00000)
  from space 2560K, 99% used [0x00000000ebb00000,0x00000000ebd7a610,0x00000000ebd80000)
  to   space 2560K, 0% used [0x00000000ecd80000,0x00000000ecd80000,0x00000000ed000000)
 ParOldGen       total 44032K, used 1506K [0x00000000c0000000, 0x00000000c2b00000, 0x00000000eab00000)
  object space 44032K, 3% used [0x00000000c0000000,0x00000000c0178b20,0x00000000c2b00000)
 Metaspace       used 19081K, capacity 19320K, committed 19584K, reserved 1067008K
  class space    used 2493K, capacity 2588K, committed 2688K, reserved 1048576K
Event: 3.583 GC heap after
Heap after GC invocations=2 (full 0):
 PSYoungGen      total 35328K, used 2557K [0x00000000eab00000, 0x00000000ed000000, 0x0000000100000000)
  eden space 32768K, 0% used [0x00000000eab00000,0x00000000eab00000,0x00000000ecb00000)
  from space 2560K, 99% used [0x00000000ecd80000,0x00000000ecfff6d0,0x00000000ed000000)
  to   space 2560K, 0% used [0x00000000ecb00000,0x00000000ecb00000,0x00000000ecd80000)
 ParOldGen       total 44032K, used 5161K [0x00000000c0000000, 0x00000000c2b00000, 0x00000000eab00000)
  object space 44032K, 11% used [0x00000000c0000000,0x00000000c050a500,0x00000000c2b00000)
 Metaspace       used 19081K, capacity 19320K, committed 19584K, reserved 1067008K
  class space    used 2493K, capacity 2588K, committed 2688K, reserved 1048576K
}
Event: 3.738 GC heap before
{Heap before GC invocations=3 (full 0):
 PSYoungGen      total 35328K, used 7875K [0x00000000eab00000, 0x00000000ed000000, 0x0000000100000000)
  eden space 32768K, 16% used [0x00000000eab00000,0x00000000eb031850,0x00000000ecb00000)
  from space 2560K, 99% used [0x00000000ecd80000,0x00000000ecfff6d0,0x00000000ed000000)
  to   space 2560K, 0% used [0x00000000ecb00000,0x00000000ecb00000,0x00000000ecd80000)
 ParOldGen       total 44032K, used 5161K [0x00000000c0000000, 0x00000000c2b00000, 0x00000000eab00000)
  object space 44032K, 11% used [0x00000000c0000000,0x00000000c050a500,0x00000000c2b00000)
 Metaspace       used 20867K, capacity 21080K, committed 21248K, reserved 1067008K
  class space    used 2741K, capacity 2812K, committed 2816K, reserved 1048576K
Event: 3.747 GC heap after
Heap after GC invocations=3 (full 0):
 PSYoungGen      total 35328K, used 2557K [0x00000000eab00000, 0x00000000ef000000, 0x0000000100000000)
  eden space 32768K, 0% used [0x00000000eab00000,0x00000000eab00000,0x00000000ecb00000)
  from space 2560K, 99% used [0x00000000ecb00000,0x00000000ecd7f6d0,0x00000000ecd80000)
  to   space 2560K, 0% used [0x00000000eed80000,0x00000000eed80000,0x00000000ef000000)
 ParOldGen       total 44032K, used 6828K [0x00000000c0000000, 0x00000000c2b00000, 0x00000000eab00000)
  object space 44032K, 15% used [0x00000000c0000000,0x00000000c06ab2a0,0x00000000c2b00000)
 Metaspace       used 20867K, capacity 21080K, committed 21248K, reserved 1067008K
  class space    used 2741K, capacity 2812K, committed 2816K, reserved 1048576K
}
Event: 3.747 GC heap before
{Heap before GC invocations=4 (full 1):
 PSYoungGen      total 35328K, used 2557K [0x00000000eab00000, 0x00000000ef000000, 0x0000000100000000)
  eden space 32768K, 0% used [0x00000000eab00000,0x00000000eab00000,0x00000000ecb00000)
  from space 2560K, 99% used [0x00000000ecb00000,0x00000000ecd7f6d0,0x00000000ecd80000)
  to   space 2560K, 0% used [0x00000000eed80000,0x00000000eed80000,0x00000000ef000000)
 ParOldGen       total 44032K, used 6828K [0x00000000c0000000, 0x00000000c2b00000, 0x00000000eab00000)
  object space 44032K, 15% used [0x00000000c0000000,0x00000000c06ab2a0,0x00000000c2b00000)
 Metaspace       used 20867K, capacity 21080K, committed 21248K, reserved 1067008K
  class space    used 2741K, capacity 2812K, committed 2816K, reserved 1048576K
Event: 3.802 GC heap after
Heap after GC invocations=4 (full 1):
 PSYoungGen      total 35328K, used 0K [0x00000000eab00000, 0x00000000ef000000, 0x0000000100000000)
  eden space 32768K, 0% used [0x00000000eab00000,0x00000000eab00000,0x00000000ecb00000)
  from space 2560K, 0% used [0x00000000ecb00000,0x00000000ecb00000,0x00000000ecd80000)
  to   space 2560K, 0% used [0x00000000eed80000,0x00000000eed80000,0x00000000ef000000)
 ParOldGen       total 33792K, used 6334K [0x00000000c0000000, 0x00000000c2100000, 0x00000000eab00000)
  object space 33792K, 18% used [0x00000000c0000000,0x00000000c062f8b0,0x00000000c2100000)
 Metaspace       used 20867K, capacity 21080K, committed 21248K, reserved 1067008K
  class space    used 2741K, capacity 2812K, committed 2816K, reserved 1048576K
}
Event: 4.481 GC heap before
{Heap before GC invocations=5 (full 1):
 PSYoungGen      total 35328K, used 32768K [0x00000000eab00000, 0x00000000ef000000, 0x0000000100000000)
  eden space 32768K, 100% used [0x00000000eab00000,0x00000000ecb00000,0x00000000ecb00000)
  from space 2560K, 0% used [0x00000000ecb00000,0x00000000ecb00000,0x00000000ecd80000)
  to   space 2560K, 0% used [0x00000000eed80000,0x00000000eed80000,0x00000000ef000000)
 ParOldGen       total 33792K, used 6334K [0x00000000c0000000, 0x00000000c2100000, 0x00000000eab00000)
  object space 33792K, 18% used [0x00000000c0000000,0x00000000c062f8b0,0x00000000c2100000)
 Metaspace       used 22590K, capacity 22852K, committed 23296K, reserved 1069056K
  class space    used 2942K, capacity 3039K, committed 3072K, reserved 1048576K
Event: 4.492 GC heap after
Heap after GC invocations=5 (full 1):
 PSYoungGen      total 54784K, used 2168K [0x00000000eab00000, 0x00000000ef000000, 0x0000000100000000)
  eden space 52224K, 0% used [0x00000000eab00000,0x00000000eab00000,0x00000000ede00000)
  from space 2560K, 84% used [0x00000000eed80000,0x00000000eef9e0b8,0x00000000ef000000)
  to   space 2560K, 0% used [0x00000000eeb00000,0x00000000eeb00000,0x00000000eed80000)
 ParOldGen       total 33792K, used 6342K [0x00000000c0000000, 0x00000000c2100000, 0x00000000eab00000)
  object space 33792K, 18% used [0x00000000c0000000,0x00000000c06318b0,0x00000000c2100000)
 Metaspace       used 22590K, capacity 22852K, committed 23296K, reserved 1069056K
  class space    used 2942K, capacity 3039K, committed 3072K, reserved 1048576K
}
Event: 5.999 GC heap before
{Heap before GC invocations=6 (full 1):
 PSYoungGen      total 54784K, used 54392K [0x00000000eab00000, 0x00000000ef000000, 0x0000000100000000)
  eden space 52224K, 100% used [0x00000000eab00000,0x00000000ede00000,0x00000000ede00000)
  from space 2560K, 84% used [0x00000000eed80000,0x00000000eef9e0b8,0x00000000ef000000)
  to   space 2560K, 0% used [0x00000000eeb00000,0x00000000eeb00000,0x00000000eed80000)
 ParOldGen       total 33792K, used 6342K [0x00000000c0000000, 0x00000000c2100000, 0x00000000eab00000)
  object space 33792K, 18% used [0x00000000c0000000,0x00000000c06318b0,0x00000000c2100000)
 Metaspace       used 26289K, capacity 26606K, committed 27008K, reserved 1073152K
  class space    used 3321K, capacity 3431K, committed 3456K, reserved 1048576K
Event: 6.025 GC heap after
Heap after GC invocations=6 (full 1):
 PSYoungGen      total 68096K, used 2554K [0x00000000eab00000, 0x00000000f0980000, 0x0000000100000000)
  eden space 65536K, 0% used [0x00000000eab00000,0x00000000eab00000,0x00000000eeb00000)
  from space 2560K, 99% used [0x00000000eeb00000,0x00000000eed7ea30,0x00000000eed80000)
  to   space 7168K, 0% used [0x00000000f0280000,0x00000000f0280000,0x00000000f0980000)
 ParOldGen       total 33792K, used 8832K [0x00000000c0000000, 0x00000000c2100000, 0x00000000eab00000)
  object space 33792K, 26% used [0x00000000c0000000,0x00000000c08a0210,0x00000000c2100000)
 Metaspace       used 26289K, capacity 26606K, committed 27008K, reserved 1073152K
  class space    used 3321K, capacity 3431K, committed 3456K, reserved 1048576K
}

