# JRE version: Java(TM) SE Runtime Environment (8.0_111-b14) (build 1.8.0_111-b14)
# Java VM: Java HotSpot(TM) 64-Bit Server VM (25.111-b14 mixed mode windows-amd64 compressed oops)
Heap:
 PSYoungGen      total 50688K, used 7404K [0x00000000eab00000, 0x00000000eeb80000, 0x0000000100000000)
  eden space 44544K, 5% used [0x00000000eab00000,0x00000000ead3fc98,0x00000000ed680000)
  from space 6144K, 83% used [0x00000000edc80000,0x00000000ee17b480,0x00000000ee280000)
  to   space 6144K, 0% used [0x00000000ed680000,0x00000000ed680000,0x00000000edc80000)
 ParOldGen       total 32256K, used 8397K [0x00000000c0000000, 0x00000000c1f80000, 0x00000000eab00000)
  object space 32256K, 26% used [0x00000000c0000000,0x00000000c08334d0,0x00000000c1f80000)
 Metaspace       used 30957K, capacity 31460K, committed 31664K, reserved 1077248K
  class space    used 4050K, capacity 4202K, committed 4272K, reserved 1048576K
GC Heap History (10 events):
Event: 3.961 GC heap before
{Heap before GC invocations=3 (full 0):
 PSYoungGen      total 18944K, used 6999K [0x00000000eab00000, 0x00000000ec000000, 0x0000000100000000)
  eden space 16384K, 27% used [0x00000000eab00000,0x00000000eaf5b9b8,0x00000000ebb00000)
  from space 2560K, 99% used [0x00000000ebd80000,0x00000000ebffa610,0x00000000ec000000)
  to   space 2560K, 0% used [0x00000000ebb00000,0x00000000ebb00000,0x00000000ebd80000)
 ParOldGen       total 44032K, used 4494K [0x00000000c0000000, 0x00000000c2b00000, 0x00000000eab00000)
  object space 44032K, 10% used [0x00000000c0000000,0x00000000c0463978,0x00000000c2b00000)
 Metaspace       used 20797K, capacity 21136K, committed 21296K, reserved 1067008K
  class space    used 2712K, capacity 2826K, committed 2864K, reserved 1048576K
Event: 3.970 GC heap after
Heap after GC invocations=3 (full 0):
 PSYoungGen      total 18944K, used 2553K [0x00000000eab00000, 0x00000000ed000000, 0x0000000100000000)
  eden space 16384K, 0% used [0x00000000eab00000,0x00000000eab00000,0x00000000ebb00000)
  from space 2560K, 99% used [0x00000000ebb00000,0x00000000ebd7e660,0x00000000ebd80000)
  to   space 2560K, 0% used [0x00000000ecd80000,0x00000000ecd80000,0x00000000ed000000)
 ParOldGen       total 44032K, used 5163K [0x00000000c0000000, 0x00000000c2b00000, 0x00000000eab00000)
  object space 44032K, 11% used [0x00000000c0000000,0x00000000c050ac58,0x00000000c2b00000)
 Metaspace       used 20797K, capacity 21136K, committed 21296K, reserved 1067008K
  class space    used 2712K, capacity 2826K, committed 2864K, reserved 1048576K
}
Event: 3.970 GC heap before
{Heap before GC invocations=4 (full 1):
 PSYoungGen      total 18944K, used 2553K [0x00000000eab00000, 0x00000000ed000000, 0x0000000100000000)
  eden space 16384K, 0% used [0x00000000eab00000,0x00000000eab00000,0x00000000ebb00000)
  from space 2560K, 99% used [0x00000000ebb00000,0x00000000ebd7e660,0x00000000ebd80000)
  to   space 2560K, 0% used [0x00000000ecd80000,0x00000000ecd80000,0x00000000ed000000)
 ParOldGen       total 44032K, used 5163K [0x00000000c0000000, 0x00000000c2b00000, 0x00000000eab00000)
  object space 44032K, 11% used [0x00000000c0000000,0x00000000c050ac58,0x00000000c2b00000)
 Metaspace       used 20797K, capacity 21136K, committed 21296K, reserved 1067008K
  class space    used 2712K, capacity 2826K, committed 2864K, reserved 1048576K
Event: 4.020 GC heap after
Heap after GC invocations=4 (full 1):
 PSYoungGen      total 18944K, used 0K [0x00000000eab00000, 0x00000000ed000000, 0x0000000100000000)
  eden space 16384K, 0% used [0x00000000eab00000,0x00000000eab00000,0x00000000ebb00000)
  from space 2560K, 0% used [0x00000000ebb00000,0x00000000ebb00000,0x00000000ebd80000)
  to   space 2560K, 0% used [0x00000000ecd80000,0x00000000ecd80000,0x00000000ed000000)
 ParOldGen       total 32256K, used 6439K [0x00000000c0000000, 0x00000000c1f80000, 0x00000000eab00000)
  object space 32256K, 19% used [0x00000000c0000000,0x00000000c0649fe0,0x00000000c1f80000)
 Metaspace       used 20797K, capacity 21136K, committed 21296K, reserved 1067008K
  class space    used 2712K, capacity 2826K, committed 2864K, reserved 1048576K
}
Event: 4.640 GC heap before
{Heap before GC invocations=5 (full 1):
 PSYoungGen      total 18944K, used 16376K [0x00000000eab00000, 0x00000000ed000000, 0x0000000100000000)
  eden space 16384K, 99% used [0x00000000eab00000,0x00000000ebafe180,0x00000000ebb00000)
  from space 2560K, 0% used [0x00000000ebb00000,0x00000000ebb00000,0x00000000ebd80000)
  to   space 2560K, 0% used [0x00000000ecd80000,0x00000000ecd80000,0x00000000ed000000)
 ParOldGen       total 32256K, used 6439K [0x00000000c0000000, 0x00000000c1f80000, 0x00000000eab00000)
  object space 32256K, 19% used [0x00000000c0000000,0x00000000c0649fe0,0x00000000c1f80000)
 Metaspace       used 26881K, capacity 27326K, committed 27696K, reserved 1073152K
  class space    used 3645K, capacity 3785K, committed 3888K, reserved 1048576K
Event: 4.649 GC heap after
Heap after GC invocations=5 (full 1):
 PSYoungGen      total 29696K, used 2544K [0x00000000eab00000, 0x00000000ed000000, 0x0000000100000000)
  eden space 27136K, 0% used [0x00000000eab00000,0x00000000eab00000,0x00000000ec580000)
  from space 2560K, 99% used [0x00000000ecd80000,0x00000000ecffc010,0x00000000ed000000)
  to   space 2560K, 0% used [0x00000000ecb00000,0x00000000ecb00000,0x00000000ecd80000)
 ParOldGen       total 32256K, used 6960K [0x00000000c0000000, 0x00000000c1f80000, 0x00000000eab00000)
  object space 32256K, 21% used [0x00000000c0000000,0x00000000c06cc130,0x00000000c1f80000)
 Metaspace       used 26881K, capacity 27326K, committed 27696K, reserved 1073152K
  class space    used 3645K, capacity 3785K, committed 3888K, reserved 1048576K
}
Event: 5.172 GC heap before
{Heap before GC invocations=6 (full 1):
 PSYoungGen      total 29696K, used 29680K [0x00000000eab00000, 0x00000000ed000000, 0x0000000100000000)
  eden space 27136K, 100% used [0x00000000eab00000,0x00000000ec580000,0x00000000ec580000)
  from space 2560K, 99% used [0x00000000ecd80000,0x00000000ecffc010,0x00000000ed000000)
  to   space 2560K, 0% used [0x00000000ecb00000,0x00000000ecb00000,0x00000000ecd80000)
 ParOldGen       total 32256K, used 6960K [0x00000000c0000000, 0x00000000c1f80000, 0x00000000eab00000)
  object space 32256K, 21% used [0x00000000c0000000,0x00000000c06cc130,0x00000000c1f80000)
 Metaspace       used 28315K, capacity 28772K, committed 29104K, reserved 1075200K
  class space    used 3805K, capacity 3946K, committed 4016K, reserved 1048576K
Event: 5.182 GC heap after
Heap after GC invocations=6 (full 1):
 PSYoungGen      total 35328K, used 2548K [0x00000000eab00000, 0x00000000ee280000, 0x0000000100000000)
  eden space 32768K, 0% used [0x00000000eab00000,0x00000000eab00000,0x00000000ecb00000)
  from space 2560K, 99% used [0x00000000ecb00000,0x00000000ecd7d020,0x00000000ecd80000)
  to   space 6144K, 0% used [0x00000000edc80000,0x00000000edc80000,0x00000000ee280000)
 ParOldGen       total 32256K, used 8389K [0x00000000c0000000, 0x00000000c1f80000, 0x00000000eab00000)
  object space 32256K, 26% used [0x00000000c0000000,0x00000000c08314d0,0x00000000c1f80000)
 Metaspace       used 28315K, capacity 28772K, committed 29104K, reserved 1075200K
  class space    used 3805K, capacity 3946K, committed 4016K, reserved 1048576K
}
Event: 5.612 GC heap before
{Heap before GC invocations=7 (full 1):
 PSYoungGen      total 35328K, used 35316K [0x00000000eab00000, 0x00000000ee280000, 0x0000000100000000)
  eden space 32768K, 100% used [0x00000000eab00000,0x00000000ecb00000,0x00000000ecb00000)
  from space 2560K, 99% used [0x00000000ecb00000,0x00000000ecd7d020,0x00000000ecd80000)
  to   space 6144K, 0% used [0x00000000edc80000,0x00000000edc80000,0x00000000ee280000)
 ParOldGen       total 32256K, used 8389K [0x00000000c0000000, 0x00000000c1f80000, 0x00000000eab00000)
  object space 32256K, 26% used [0x00000000c0000000,0x00000000c08314d0,0x00000000c1f80000)
 Metaspace       used 30276K, capacity 30788K, committed 31024K, reserved 1077248K
  class space    used 3966K, capacity 4106K, committed 4144K, reserved 1048576K
Event: 5.623 GC heap after
Heap after GC invocations=7 (full 1):
 PSYoungGen      total 50688K, used 5101K [0x00000000eab00000, 0x00000000eeb80000, 0x0000000100000000)
  eden space 44544K, 0% used [0x00000000eab00000,0x00000000eab00000,0x00000000ed680000)
  from space 6144K, 83% used [0x00000000edc80000,0x00000000ee17b480,0x00000000ee280000)
  to   space 6144K, 0% used [0x00000000ed680000,0x00000000ed680000,0x00000000edc80000)
 ParOldGen       total 32256K, used 8397K [0x00000000c0000000, 0x00000000c1f80000, 0x00000000eab00000)
  object space 32256K, 26% used [0x00000000c0000000,0x00000000c08334d0,0x00000000c1f80000)
 Metaspace       used 30276K, capacity 30788K, committed 31024K, reserved 1077248K
  class space    used 3966K, capacity 4106K, committed 4144K, reserved 1048576K
}

