# JRE version: Java(TM) SE Runtime Environment (8.0_111-b14) (build 1.8.0_111-b14)
# Java VM: Java HotSpot(TM) 64-Bit Server VM (25.111-b14 mixed mode windows-amd64 compressed oops)
Heap:
 PSYoungGen      total 73216K, used 4839K [0x00000000eab00000, 0x00000000f0100000, 0x0000000100000000)
  eden space 64000K, 7% used [0x00000000eab00000,0x00000000eafb9e98,0x00000000ee980000)
  from space 9216K, 0% used [0x00000000ef480000,0x00000000ef480000,0x00000000efd80000)
  to   space 11264K, 0% used [0x00000000ee980000,0x00000000ee980000,0x00000000ef480000)
 ParOldGen       total 53248K, used 16496K [0x00000000c0000000, 0x00000000c3400000, 0x00000000eab00000)
  object space 53248K, 30% used [0x00000000c0000000,0x00000000c101c1a8,0x00000000c3400000)
 Metaspace       used 35651K, capacity 36454K, committed 36776K, reserved 1081344K
  class space    used 4716K, capacity 4923K, committed 5032K, reserved 1048576K
GC Heap History (10 events):
Event: 5.536 GC heap before
{Heap before GC invocations=6 (full 1):
 PSYoungGen      total 27648K, used 27306K [0x00000000eab00000, 0x00000000ecf00000, 0x0000000100000000)
  eden space 26112K, 100% used [0x00000000eab00000,0x00000000ec480000,0x00000000ec480000)
  from space 1536K, 77% used [0x00000000ecd80000,0x00000000eceaab10,0x00000000ecf00000)
  to   space 2560K, 0% used [0x00000000eca00000,0x00000000eca00000,0x00000000ecc80000)
 ParOldGen       total 34816K, used 7090K [0x00000000c0000000, 0x00000000c2200000, 0x00000000eab00000)
  object space 34816K, 20% used [0x00000000c0000000,0x00000000c06ec840,0x00000000c2200000)
 Metaspace       used 22706K, capacity 22976K, committed 23344K, reserved 1069056K
  class space    used 2943K, capacity 3039K, committed 3120K, reserved 1048576K
Event: 5.541 GC heap after
Heap after GC invocations=6 (full 1):
 PSYoungGen      total 34304K, used 1756K [0x00000000eab00000, 0x00000000ee300000, 0x0000000100000000)
  eden space 31744K, 0% used [0x00000000eab00000,0x00000000eab00000,0x00000000eca00000)
  from space 2560K, 68% used [0x00000000eca00000,0x00000000ecbb71f8,0x00000000ecc80000)
  to   space 7680K, 0% used [0x00000000edb80000,0x00000000edb80000,0x00000000ee300000)
 ParOldGen       total 34816K, used 7098K [0x00000000c0000000, 0x00000000c2200000, 0x00000000eab00000)
  object space 34816K, 20% used [0x00000000c0000000,0x00000000c06ee840,0x00000000c2200000)
 Metaspace       used 22706K, capacity 22976K, committed 23344K, reserved 1069056K
  class space    used 2943K, capacity 3039K, committed 3120K, reserved 1048576K
}
Event: 5.954 GC heap before
{Heap before GC invocations=7 (full 1):
 PSYoungGen      total 34304K, used 33500K [0x00000000eab00000, 0x00000000ee300000, 0x0000000100000000)
  eden space 31744K, 100% used [0x00000000eab00000,0x00000000eca00000,0x00000000eca00000)
  from space 2560K, 68% used [0x00000000eca00000,0x00000000ecbb71f8,0x00000000ecc80000)
  to   space 7680K, 0% used [0x00000000edb80000,0x00000000edb80000,0x00000000ee300000)
 ParOldGen       total 34816K, used 7098K [0x00000000c0000000, 0x00000000c2200000, 0x00000000eab00000)
  object space 34816K, 20% used [0x00000000c0000000,0x00000000c06ee840,0x00000000c2200000)
 Metaspace       used 24371K, capacity 24620K, committed 25008K, reserved 1071104K
  class space    used 3086K, capacity 3201K, committed 3248K, reserved 1048576K
Event: 5.962 GC heap after
Heap after GC invocations=7 (full 1):
 PSYoungGen      total 50176K, used 3823K [0x00000000eab00000, 0x00000000eeb00000, 0x0000000100000000)
  eden space 42496K, 0% used [0x00000000eab00000,0x00000000eab00000,0x00000000ed480000)
  from space 7680K, 49% used [0x00000000edb80000,0x00000000edf3bc50,0x00000000ee300000)
  to   space 7168K, 0% used [0x00000000ed480000,0x00000000ed480000,0x00000000edb80000)
 ParOldGen       total 34816K, used 7106K [0x00000000c0000000, 0x00000000c2200000, 0x00000000eab00000)
  object space 34816K, 20% used [0x00000000c0000000,0x00000000c06f0840,0x00000000c2200000)
 Metaspace       used 24371K, capacity 24620K, committed 25008K, reserved 1071104K
  class space    used 3086K, capacity 3201K, committed 3248K, reserved 1048576K
}
Event: 21.190 GC heap before
{Heap before GC invocations=8 (full 1):
 PSYoungGen      total 50176K, used 46319K [0x00000000eab00000, 0x00000000eeb00000, 0x0000000100000000)
  eden space 42496K, 100% used [0x00000000eab00000,0x00000000ed480000,0x00000000ed480000)
  from space 7680K, 49% used [0x00000000edb80000,0x00000000edf3bc50,0x00000000ee300000)
  to   space 7168K, 0% used [0x00000000ed480000,0x00000000ed480000,0x00000000edb80000)
 ParOldGen       total 34816K, used 7106K [0x00000000c0000000, 0x00000000c2200000, 0x00000000eab00000)
  object space 34816K, 20% used [0x00000000c0000000,0x00000000c06f0840,0x00000000c2200000)
 Metaspace       used 29530K, capacity 30142K, committed 30256K, reserved 1075200K
  class space    used 3715K, capacity 3861K, committed 3888K, reserved 1048576K
Event: 21.211 GC heap after
Heap after GC invocations=8 (full 1):
 PSYoungGen      total 49664K, used 7138K [0x00000000eab00000, 0x00000000efd80000, 0x0000000100000000)
  eden space 42496K, 0% used [0x00000000eab00000,0x00000000eab00000,0x00000000ed480000)
  from space 7168K, 99% used [0x00000000ed480000,0x00000000edb78bc0,0x00000000edb80000)
  to   space 9216K, 0% used [0x00000000ef480000,0x00000000ef480000,0x00000000efd80000)
 ParOldGen       total 34816K, used 8177K [0x00000000c0000000, 0x00000000c2200000, 0x00000000eab00000)
  object space 34816K, 23% used [0x00000000c0000000,0x00000000c07fc638,0x00000000c2200000)
 Metaspace       used 29530K, capacity 30142K, committed 30256K, reserved 1075200K
  class space    used 3715K, capacity 3861K, committed 3888K, reserved 1048576K
}
Event: 24.017 GC heap before
{Heap before GC invocations=9 (full 1):
 PSYoungGen      total 49664K, used 23504K [0x00000000eab00000, 0x00000000efd80000, 0x0000000100000000)
  eden space 42496K, 38% used [0x00000000eab00000,0x00000000ebafb768,0x00000000ed480000)
  from space 7168K, 99% used [0x00000000ed480000,0x00000000edb78bc0,0x00000000edb80000)
  to   space 9216K, 0% used [0x00000000ef480000,0x00000000ef480000,0x00000000efd80000)
 ParOldGen       total 34816K, used 8177K [0x00000000c0000000, 0x00000000c2200000, 0x00000000eab00000)
  object space 34816K, 23% used [0x00000000c0000000,0x00000000c07fc638,0x00000000c2200000)
 Metaspace       used 34592K, capacity 35328K, committed 35496K, reserved 1079296K
  class space    used 4469K, capacity 4658K, committed 4776K, reserved 1048576K
Event: 24.046 GC heap after
Heap after GC invocations=9 (full 1):
 PSYoungGen      total 73216K, used 9212K [0x00000000eab00000, 0x00000000f0100000, 0x0000000100000000)
  eden space 64000K, 0% used [0x00000000eab00000,0x00000000eab00000,0x00000000ee980000)
  from space 9216K, 99% used [0x00000000ef480000,0x00000000efd7f0c0,0x00000000efd80000)
  to   space 11264K, 0% used [0x00000000ee980000,0x00000000ee980000,0x00000000ef480000)
 ParOldGen       total 34816K, used 9747K [0x00000000c0000000, 0x00000000c2200000, 0x00000000eab00000)
  object space 34816K, 27% used [0x00000000c0000000,0x00000000c0984fa0,0x00000000c2200000)
 Metaspace       used 34592K, capacity 35328K, committed 35496K, reserved 1079296K
  class space    used 4469K, capacity 4658K, committed 4776K, reserved 1048576K
}
Event: 24.046 GC heap before
{Heap before GC invocations=10 (full 2):
 PSYoungGen      total 73216K, used 9212K [0x00000000eab00000, 0x00000000f0100000, 0x0000000100000000)
  eden space 64000K, 0% used [0x00000000eab00000,0x00000000eab00000,0x00000000ee980000)
  from space 9216K, 99% used [0x00000000ef480000,0x00000000efd7f0c0,0x00000000efd80000)
  to   space 11264K, 0% used [0x00000000ee980000,0x00000000ee980000,0x00000000ef480000)
 ParOldGen       total 34816K, used 9747K [0x00000000c0000000, 0x00000000c2200000, 0x00000000eab00000)
  object space 34816K, 27% used [0x00000000c0000000,0x00000000c0984fa0,0x00000000c2200000)
 Metaspace       used 34592K, capacity 35328K, committed 35496K, reserved 1079296K
  class space    used 4469K, capacity 4658K, committed 4776K, reserved 1048576K
Event: 24.175 GC heap after
Heap after GC invocations=10 (full 2):
 PSYoungGen      total 73216K, used 0K [0x00000000eab00000, 0x00000000f0100000, 0x0000000100000000)
  eden space 64000K, 0% used [0x00000000eab00000,0x00000000eab00000,0x00000000ee980000)
  from space 9216K, 0% used [0x00000000ef480000,0x00000000ef480000,0x00000000efd80000)
  to   space 11264K, 0% used [0x00000000ee980000,0x00000000ee980000,0x00000000ef480000)
 ParOldGen       total 53248K, used 16496K [0x00000000c0000000, 0x00000000c3400000, 0x00000000eab00000)
  object space 53248K, 30% used [0x00000000c0000000,0x00000000c101c1a8,0x00000000c3400000)
 Metaspace       used 34592K, capacity 35328K, committed 35496K, reserved 1079296K
  class space    used 4469K, capacity 4658K, committed 4776K, reserved 1048576K
}

