# JRE version: Java(TM) SE Runtime Environment (8.0_111-b14) (build 1.8.0_111-b14)
# Java VM: Java HotSpot(TM) 64-Bit Server VM (25.111-b14 mixed mode windows-amd64 compressed oops)
Heap:
 PSYoungGen      total 53760K, used 21918K [0x00000000eab00000, 0x00000000eec80000, 0x0000000100000000)
  eden space 46592K, 39% used [0x00000000eab00000,0x00000000ebd25f50,0x00000000ed880000)
  from space 7168K, 46% used [0x00000000edf00000,0x00000000ee241c30,0x00000000ee600000)
  to   space 6656K, 0% used [0x00000000ed880000,0x00000000ed880000,0x00000000edf00000)
 ParOldGen       total 32768K, used 6526K [0x00000000c0000000, 0x00000000c2000000, 0x00000000eab00000)
  object space 32768K, 19% used [0x00000000c0000000,0x00000000c065f8f0,0x00000000c2000000)
 Metaspace       used 28408K, capacity 28906K, committed 29184K, reserved 1075200K
  class space    used 3617K, capacity 3761K, committed 3840K, reserved 1048576K
GC Heap History (10 events):
Event: 6.287 GC heap before
{Heap before GC invocations=3 (full 0):
 PSYoungGen      total 18944K, used 7594K [0x00000000eab00000, 0x00000000ed000000, 0x0000000100000000)
  eden space 16384K, 30% used [0x00000000eab00000,0x00000000eafeb210,0x00000000ebb00000)
  from space 2560K, 99% used [0x00000000ecd80000,0x00000000ecfff6d0,0x00000000ed000000)
  to   space 2560K, 0% used [0x00000000ebb00000,0x00000000ebb00000,0x00000000ebd80000)
 ParOldGen       total 44032K, used 5076K [0x00000000c0000000, 0x00000000c2b00000, 0x00000000eab00000)
  object space 44032K, 11% used [0x00000000c0000000,0x00000000c04f53b0,0x00000000c2b00000)
 Metaspace       used 20838K, capacity 21048K, committed 21248K, reserved 1067008K
  class space    used 2709K, capacity 2780K, committed 2816K, reserved 1048576K
Event: 6.294 GC heap after
Heap after GC invocations=3 (full 0):
 PSYoungGen      total 18944K, used 2541K [0x00000000eab00000, 0x00000000ed000000, 0x0000000100000000)
  eden space 16384K, 0% used [0x00000000eab00000,0x00000000eab00000,0x00000000ebb00000)
  from space 2560K, 99% used [0x00000000ebb00000,0x00000000ebd7b6c0,0x00000000ebd80000)
  to   space 2560K, 0% used [0x00000000ecd80000,0x00000000ecd80000,0x00000000ed000000)
 ParOldGen       total 44032K, used 5894K [0x00000000c0000000, 0x00000000c2b00000, 0x00000000eab00000)
  object space 44032K, 13% used [0x00000000c0000000,0x00000000c05c1988,0x00000000c2b00000)
 Metaspace       used 20838K, capacity 21048K, committed 21248K, reserved 1067008K
  class space    used 2709K, capacity 2780K, committed 2816K, reserved 1048576K
}
Event: 6.294 GC heap before
{Heap before GC invocations=4 (full 1):
 PSYoungGen      total 18944K, used 2541K [0x00000000eab00000, 0x00000000ed000000, 0x0000000100000000)
  eden space 16384K, 0% used [0x00000000eab00000,0x00000000eab00000,0x00000000ebb00000)
  from space 2560K, 99% used [0x00000000ebb00000,0x00000000ebd7b6c0,0x00000000ebd80000)
  to   space 2560K, 0% used [0x00000000ecd80000,0x00000000ecd80000,0x00000000ed000000)
 ParOldGen       total 44032K, used 5894K [0x00000000c0000000, 0x00000000c2b00000, 0x00000000eab00000)
  object space 44032K, 13% used [0x00000000c0000000,0x00000000c05c1988,0x00000000c2b00000)
 Metaspace       used 20838K, capacity 21048K, committed 21248K, reserved 1067008K
  class space    used 2709K, capacity 2780K, committed 2816K, reserved 1048576K
Event: 6.346 GC heap after
Heap after GC invocations=4 (full 1):
 PSYoungGen      total 18944K, used 0K [0x00000000eab00000, 0x00000000ed000000, 0x0000000100000000)
  eden space 16384K, 0% used [0x00000000eab00000,0x00000000eab00000,0x00000000ebb00000)
  from space 2560K, 0% used [0x00000000ebb00000,0x00000000ebb00000,0x00000000ebd80000)
  to   space 2560K, 0% used [0x00000000ecd80000,0x00000000ecd80000,0x00000000ed000000)
 ParOldGen       total 32768K, used 6502K [0x00000000c0000000, 0x00000000c2000000, 0x00000000eab00000)
  object space 32768K, 19% used [0x00000000c0000000,0x00000000c06598f0,0x00000000c2000000)
 Metaspace       used 20838K, capacity 21048K, committed 21248K, reserved 1067008K
  class space    used 2709K, capacity 2780K, committed 2816K, reserved 1048576K
}
Event: 6.761 GC heap before
{Heap before GC invocations=5 (full 1):
 PSYoungGen      total 18944K, used 16384K [0x00000000eab00000, 0x00000000ed000000, 0x0000000100000000)
  eden space 16384K, 100% used [0x00000000eab00000,0x00000000ebb00000,0x00000000ebb00000)
  from space 2560K, 0% used [0x00000000ebb00000,0x00000000ebb00000,0x00000000ebd80000)
  to   space 2560K, 0% used [0x00000000ecd80000,0x00000000ecd80000,0x00000000ed000000)
 ParOldGen       total 32768K, used 6502K [0x00000000c0000000, 0x00000000c2000000, 0x00000000eab00000)
  object space 32768K, 19% used [0x00000000c0000000,0x00000000c06598f0,0x00000000c2000000)
 Metaspace       used 22254K, capacity 22462K, committed 22784K, reserved 1069056K
  class space    used 2882K, capacity 2974K, committed 3072K, reserved 1048576K
Event: 6.765 GC heap after
Heap after GC invocations=5 (full 1):
 PSYoungGen      total 28672K, used 1489K [0x00000000eab00000, 0x00000000ecf00000, 0x0000000100000000)
  eden space 27136K, 0% used [0x00000000eab00000,0x00000000eab00000,0x00000000ec580000)
  from space 1536K, 96% used [0x00000000ecd80000,0x00000000ecef46b0,0x00000000ecf00000)
  to   space 2560K, 0% used [0x00000000eca00000,0x00000000eca00000,0x00000000ecc80000)
 ParOldGen       total 32768K, used 6510K [0x00000000c0000000, 0x00000000c2000000, 0x00000000eab00000)
  object space 32768K, 19% used [0x00000000c0000000,0x00000000c065b8f0,0x00000000c2000000)
 Metaspace       used 22254K, capacity 22462K, committed 22784K, reserved 1069056K
  class space    used 2882K, capacity 2974K, committed 3072K, reserved 1048576K
}
Event: 7.041 GC heap before
{Heap before GC invocations=6 (full 1):
 PSYoungGen      total 28672K, used 28625K [0x00000000eab00000, 0x00000000ecf00000, 0x0000000100000000)
  eden space 27136K, 100% used [0x00000000eab00000,0x00000000ec580000,0x00000000ec580000)
  from space 1536K, 96% used [0x00000000ecd80000,0x00000000ecef46b0,0x00000000ecf00000)
  to   space 2560K, 0% used [0x00000000eca00000,0x00000000eca00000,0x00000000ecc80000)
 ParOldGen       total 32768K, used 6510K [0x00000000c0000000, 0x00000000c2000000, 0x00000000eab00000)
  object space 32768K, 19% used [0x00000000c0000000,0x00000000c065b8f0,0x00000000c2000000)
 Metaspace       used 23009K, capacity 23236K, committed 23552K, reserved 1069056K
  class space    used 2962K, capacity 3039K, committed 3072K, reserved 1048576K
Event: 7.050 GC heap after
Heap after GC invocations=6 (full 1):
 PSYoungGen      total 34304K, used 2028K [0x00000000eab00000, 0x00000000ee600000, 0x0000000100000000)
  eden space 31744K, 0% used [0x00000000eab00000,0x00000000eab00000,0x00000000eca00000)
  from space 2560K, 79% used [0x00000000eca00000,0x00000000ecbfb238,0x00000000ecc80000)
  to   space 7168K, 0% used [0x00000000edf00000,0x00000000edf00000,0x00000000ee600000)
 ParOldGen       total 32768K, used 6518K [0x00000000c0000000, 0x00000000c2000000, 0x00000000eab00000)
  object space 32768K, 19% used [0x00000000c0000000,0x00000000c065d8f0,0x00000000c2000000)
 Metaspace       used 23009K, capacity 23236K, committed 23552K, reserved 1069056K
  class space    used 2962K, capacity 3039K, committed 3072K, reserved 1048576K
}
Event: 7.405 GC heap before
{Heap before GC invocations=7 (full 1):
 PSYoungGen      total 34304K, used 33730K [0x00000000eab00000, 0x00000000ee600000, 0x0000000100000000)
  eden space 31744K, 99% used [0x00000000eab00000,0x00000000ec9f59b0,0x00000000eca00000)
  from space 2560K, 79% used [0x00000000eca00000,0x00000000ecbfb238,0x00000000ecc80000)
  to   space 7168K, 0% used [0x00000000edf00000,0x00000000edf00000,0x00000000ee600000)
 ParOldGen       total 32768K, used 6518K [0x00000000c0000000, 0x00000000c2000000, 0x00000000eab00000)
  object space 32768K, 19% used [0x00000000c0000000,0x00000000c065d8f0,0x00000000c2000000)
 Metaspace       used 24456K, capacity 24720K, committed 24960K, reserved 1071104K
  class space    used 3073K, capacity 3169K, committed 3200K, reserved 1048576K
Event: 7.412 GC heap after
Heap after GC invocations=7 (full 1):
 PSYoungGen      total 53760K, used 3335K [0x00000000eab00000, 0x00000000eec80000, 0x0000000100000000)
  eden space 46592K, 0% used [0x00000000eab00000,0x00000000eab00000,0x00000000ed880000)
  from space 7168K, 46% used [0x00000000edf00000,0x00000000ee241c30,0x00000000ee600000)
  to   space 6656K, 0% used [0x00000000ed880000,0x00000000ed880000,0x00000000edf00000)
 ParOldGen       total 32768K, used 6526K [0x00000000c0000000, 0x00000000c2000000, 0x00000000eab00000)
  object space 32768K, 19% used [0x00000000c0000000,0x00000000c065f8f0,0x00000000c2000000)
 Metaspace       used 24456K, capacity 24720K, committed 24960K, reserved 1071104K
  class space    used 3073K, capacity 3169K, committed 3200K, reserved 1048576K
}

