# JRE version: Java(TM) SE Runtime Environment (8.0_111-b14) (build 1.8.0_111-b14)
# Java VM: Java HotSpot(TM) 64-Bit Server VM (25.111-b14 mixed mode windows-amd64 compressed oops)
Heap:
 PSYoungGen      total 34816K, used 20195K [0x00000000eab00000, 0x00000000ee780000, 0x0000000100000000)
  eden space 32256K, 57% used [0x00000000eab00000,0x00000000ebd21630,0x00000000eca80000)
  from space 2560K, 63% used [0x00000000eca80000,0x00000000ecc179b0,0x00000000ecd00000)
  to   space 7680K, 0% used [0x00000000ee000000,0x00000000ee000000,0x00000000ee780000)
 ParOldGen       total 32256K, used 6462K [0x00000000c0000000, 0x00000000c1f80000, 0x00000000eab00000)
  object space 32256K, 20% used [0x00000000c0000000,0x00000000c064f9c8,0x00000000c1f80000)
 Metaspace       used 25245K, capacity 25500K, committed 25856K, reserved 1071104K
  class space    used 3182K, capacity 3263K, committed 3328K, reserved 1048576K
GC Heap History (10 events):
Event: 3.869 GC heap before
{Heap before GC invocations=2 (full 0):
 PSYoungGen      total 18944K, used 18921K [0x00000000eab00000, 0x00000000ed000000, 0x0000000100000000)
  eden space 16384K, 100% used [0x00000000eab00000,0x00000000ebb00000,0x00000000ebb00000)
  from space 2560K, 99% used [0x00000000ebb00000,0x00000000ebd7a630,0x00000000ebd80000)
  to   space 2560K, 0% used [0x00000000ecd80000,0x00000000ecd80000,0x00000000ed000000)
 ParOldGen       total 44032K, used 1474K [0x00000000c0000000, 0x00000000c2b00000, 0x00000000eab00000)
  object space 44032K, 3% used [0x00000000c0000000,0x00000000c0170b20,0x00000000c2b00000)
 Metaspace       used 19329K, capacity 19536K, committed 19840K, reserved 1067008K
  class space    used 2530K, capacity 2620K, committed 2688K, reserved 1048576K
Event: 3.882 GC heap after
Heap after GC invocations=2 (full 0):
 PSYoungGen      total 18944K, used 2541K [0x00000000eab00000, 0x00000000ed000000, 0x0000000100000000)
  eden space 16384K, 0% used [0x00000000eab00000,0x00000000eab00000,0x00000000ebb00000)
  from space 2560K, 99% used [0x00000000ecd80000,0x00000000ecffb6c0,0x00000000ed000000)
  to   space 2560K, 0% used [0x00000000ebb00000,0x00000000ebb00000,0x00000000ebd80000)
 ParOldGen       total 44032K, used 5397K [0x00000000c0000000, 0x00000000c2b00000, 0x00000000eab00000)
  object space 44032K, 12% used [0x00000000c0000000,0x00000000c0545730,0x00000000c2b00000)
 Metaspace       used 19329K, capacity 19536K, committed 19840K, reserved 1067008K
  class space    used 2530K, capacity 2620K, committed 2688K, reserved 1048576K
}
Event: 4.009 GC heap before
{Heap before GC invocations=3 (full 0):
 PSYoungGen      total 18944K, used 8406K [0x00000000eab00000, 0x00000000ed000000, 0x0000000100000000)
  eden space 16384K, 35% used [0x00000000eab00000,0x00000000eb0ba458,0x00000000ebb00000)
  from space 2560K, 99% used [0x00000000ecd80000,0x00000000ecffb6c0,0x00000000ed000000)
  to   space 2560K, 0% used [0x00000000ebb00000,0x00000000ebb00000,0x00000000ebd80000)
 ParOldGen       total 44032K, used 5397K [0x00000000c0000000, 0x00000000c2b00000, 0x00000000eab00000)
  object space 44032K, 12% used [0x00000000c0000000,0x00000000c0545730,0x00000000c2b00000)
 Metaspace       used 20936K, capacity 21136K, committed 21248K, reserved 1067008K
  class space    used 2745K, capacity 2812K, committed 2816K, reserved 1048576K
Event: 4.017 GC heap after
Heap after GC invocations=3 (full 0):
 PSYoungGen      total 18944K, used 2265K [0x00000000eab00000, 0x00000000ed000000, 0x0000000100000000)
  eden space 16384K, 0% used [0x00000000eab00000,0x00000000eab00000,0x00000000ebb00000)
  from space 2560K, 88% used [0x00000000ebb00000,0x00000000ebd364f8,0x00000000ebd80000)
  to   space 2560K, 0% used [0x00000000ecd80000,0x00000000ecd80000,0x00000000ed000000)
 ParOldGen       total 44032K, used 7494K [0x00000000c0000000, 0x00000000c2b00000, 0x00000000eab00000)
  object space 44032K, 17% used [0x00000000c0000000,0x00000000c0751870,0x00000000c2b00000)
 Metaspace       used 20936K, capacity 21136K, committed 21248K, reserved 1067008K
  class space    used 2745K, capacity 2812K, committed 2816K, reserved 1048576K
}
Event: 4.017 GC heap before
{Heap before GC invocations=4 (full 1):
 PSYoungGen      total 18944K, used 2265K [0x00000000eab00000, 0x00000000ed000000, 0x0000000100000000)
  eden space 16384K, 0% used [0x00000000eab00000,0x00000000eab00000,0x00000000ebb00000)
  from space 2560K, 88% used [0x00000000ebb00000,0x00000000ebd364f8,0x00000000ebd80000)
  to   space 2560K, 0% used [0x00000000ecd80000,0x00000000ecd80000,0x00000000ed000000)
 ParOldGen       total 44032K, used 7494K [0x00000000c0000000, 0x00000000c2b00000, 0x00000000eab00000)
  object space 44032K, 17% used [0x00000000c0000000,0x00000000c0751870,0x00000000c2b00000)
 Metaspace       used 20936K, capacity 21136K, committed 21248K, reserved 1067008K
  class space    used 2745K, capacity 2812K, committed 2816K, reserved 1048576K
Event: 4.060 GC heap after
Heap after GC invocations=4 (full 1):
 PSYoungGen      total 18944K, used 0K [0x00000000eab00000, 0x00000000ed000000, 0x0000000100000000)
  eden space 16384K, 0% used [0x00000000eab00000,0x00000000eab00000,0x00000000ebb00000)
  from space 2560K, 0% used [0x00000000ebb00000,0x00000000ebb00000,0x00000000ebd80000)
  to   space 2560K, 0% used [0x00000000ecd80000,0x00000000ecd80000,0x00000000ed000000)
 ParOldGen       total 32256K, used 6446K [0x00000000c0000000, 0x00000000c1f80000, 0x00000000eab00000)
  object space 32256K, 19% used [0x00000000c0000000,0x00000000c064b9c8,0x00000000c1f80000)
 Metaspace       used 20936K, capacity 21136K, committed 21248K, reserved 1067008K
  class space    used 2745K, capacity 2812K, committed 2816K, reserved 1048576K
}
Event: 4.396 GC heap before
{Heap before GC invocations=5 (full 1):
 PSYoungGen      total 18944K, used 16384K [0x00000000eab00000, 0x00000000ed000000, 0x0000000100000000)
  eden space 16384K, 100% used [0x00000000eab00000,0x00000000ebb00000,0x00000000ebb00000)
  from space 2560K, 0% used [0x00000000ebb00000,0x00000000ebb00000,0x00000000ebd80000)
  to   space 2560K, 0% used [0x00000000ecd80000,0x00000000ecd80000,0x00000000ed000000)
 ParOldGen       total 32256K, used 6446K [0x00000000c0000000, 0x00000000c1f80000, 0x00000000eab00000)
  object space 32256K, 19% used [0x00000000c0000000,0x00000000c064b9c8,0x00000000c1f80000)
 Metaspace       used 22271K, capacity 22518K, committed 22784K, reserved 1069056K
  class space    used 2903K, capacity 2974K, committed 3072K, reserved 1048576K
Event: 4.400 GC heap after
Heap after GC invocations=5 (full 1):
 PSYoungGen      total 29696K, used 1539K [0x00000000eab00000, 0x00000000ecf80000, 0x0000000100000000)
  eden space 27648K, 0% used [0x00000000eab00000,0x00000000eab00000,0x00000000ec600000)
  from space 2048K, 75% used [0x00000000ecd80000,0x00000000ecf00fb8,0x00000000ecf80000)
  to   space 2560K, 0% used [0x00000000eca80000,0x00000000eca80000,0x00000000ecd00000)
 ParOldGen       total 32256K, used 6454K [0x00000000c0000000, 0x00000000c1f80000, 0x00000000eab00000)
  object space 32256K, 20% used [0x00000000c0000000,0x00000000c064d9c8,0x00000000c1f80000)
 Metaspace       used 22271K, capacity 22518K, committed 22784K, reserved 1069056K
  class space    used 2903K, capacity 2974K, committed 3072K, reserved 1048576K
}
Event: 4.601 GC heap before
{Heap before GC invocations=6 (full 1):
 PSYoungGen      total 29696K, used 29187K [0x00000000eab00000, 0x00000000ecf80000, 0x0000000100000000)
  eden space 27648K, 100% used [0x00000000eab00000,0x00000000ec600000,0x00000000ec600000)
  from space 2048K, 75% used [0x00000000ecd80000,0x00000000ecf00fb8,0x00000000ecf80000)
  to   space 2560K, 0% used [0x00000000eca80000,0x00000000eca80000,0x00000000ecd00000)
 ParOldGen       total 32256K, used 6454K [0x00000000c0000000, 0x00000000c1f80000, 0x00000000eab00000)
  object space 32256K, 20% used [0x00000000c0000000,0x00000000c064d9c8,0x00000000c1f80000)
 Metaspace       used 22569K, capacity 22812K, committed 23040K, reserved 1069056K
  class space    used 2919K, capacity 3007K, committed 3072K, reserved 1048576K
Event: 4.606 GC heap after
Heap after GC invocations=6 (full 1):
 PSYoungGen      total 34816K, used 1630K [0x00000000eab00000, 0x00000000ee780000, 0x0000000100000000)
  eden space 32256K, 0% used [0x00000000eab00000,0x00000000eab00000,0x00000000eca80000)
  from space 2560K, 63% used [0x00000000eca80000,0x00000000ecc179b0,0x00000000ecd00000)
  to   space 7680K, 0% used [0x00000000ee000000,0x00000000ee000000,0x00000000ee780000)
 ParOldGen       total 32256K, used 6462K [0x00000000c0000000, 0x00000000c1f80000, 0x00000000eab00000)
  object space 32256K, 20% used [0x00000000c0000000,0x00000000c064f9c8,0x00000000c1f80000)
 Metaspace       used 22569K, capacity 22812K, committed 23040K, reserved 1069056K
  class space    used 2919K, capacity 3007K, committed 3072K, reserved 1048576K
}

