# JRE version: Java(TM) SE Runtime Environment (8.0_111-b14) (build 1.8.0_111-b14)
# Java VM: Java HotSpot(TM) 64-Bit Server VM (25.111-b14 mixed mode windows-amd64 compressed oops)
Heap:
 PSYoungGen      total 50176K, used 7888K [0x00000000eab00000, 0x00000000f0080000, 0x0000000100000000)
  eden space 43008K, 18% used [0x00000000eab00000,0x00000000eb2b4360,0x00000000ed500000)
  from space 7168K, 0% used [0x00000000ed500000,0x00000000ed500000,0x00000000edc00000)
  to   space 9728K, 0% used [0x00000000ef700000,0x00000000ef700000,0x00000000f0080000)
 ParOldGen       total 54784K, used 15471K [0x00000000c0000000, 0x00000000c3580000, 0x00000000eab00000)
  object space 54784K, 28% used [0x00000000c0000000,0x00000000c0f1bf08,0x00000000c3580000)
 Metaspace       used 36271K, capacity 37132K, committed 37168K, reserved 1081344K
  class space    used 4930K, capacity 5160K, committed 5168K, reserved 1048576K
GC Heap History (10 events):
Event: 3.460 GC heap before
{Heap before GC invocations=5 (full 1):
 PSYoungGen      total 18944K, used 16384K [0x00000000eab00000, 0x00000000ed000000, 0x0000000100000000)
  eden space 16384K, 100% used [0x00000000eab00000,0x00000000ebb00000,0x00000000ebb00000)
  from space 2560K, 0% used [0x00000000ebb00000,0x00000000ebb00000,0x00000000ebd80000)
  to   space 2560K, 0% used [0x00000000ecd80000,0x00000000ecd80000,0x00000000ed000000)
 ParOldGen       total 33792K, used 6500K [0x00000000c0000000, 0x00000000c2100000, 0x00000000eab00000)
  object space 33792K, 19% used [0x00000000c0000000,0x00000000c06592e8,0x00000000c2100000)
 Metaspace       used 21992K, capacity 22170K, committed 22448K, reserved 1069056K
  class space    used 2879K, capacity 2942K, committed 2992K, reserved 1048576K
Event: 3.464 GC heap after
Heap after GC invocations=5 (full 1):
 PSYoungGen      total 28160K, used 1228K [0x00000000eab00000, 0x00000000ecf00000, 0x0000000100000000)
  eden space 26624K, 0% used [0x00000000eab00000,0x00000000eab00000,0x00000000ec500000)
  from space 1536K, 79% used [0x00000000ecd80000,0x00000000eceb3300,0x00000000ecf00000)
  to   space 2560K, 0% used [0x00000000eca00000,0x00000000eca00000,0x00000000ecc80000)
 ParOldGen       total 33792K, used 6508K [0x00000000c0000000, 0x00000000c2100000, 0x00000000eab00000)
  object space 33792K, 19% used [0x00000000c0000000,0x00000000c065b2e8,0x00000000c2100000)
 Metaspace       used 21992K, capacity 22170K, committed 22448K, reserved 1069056K
  class space    used 2879K, capacity 2942K, committed 2992K, reserved 1048576K
}
Event: 3.682 GC heap before
{Heap before GC invocations=6 (full 1):
 PSYoungGen      total 28160K, used 27852K [0x00000000eab00000, 0x00000000ecf00000, 0x0000000100000000)
  eden space 26624K, 100% used [0x00000000eab00000,0x00000000ec500000,0x00000000ec500000)
  from space 1536K, 79% used [0x00000000ecd80000,0x00000000eceb3300,0x00000000ecf00000)
  to   space 2560K, 0% used [0x00000000eca00000,0x00000000eca00000,0x00000000ecc80000)
 ParOldGen       total 33792K, used 6508K [0x00000000c0000000, 0x00000000c2100000, 0x00000000eab00000)
  object space 33792K, 19% used [0x00000000c0000000,0x00000000c065b2e8,0x00000000c2100000)
 Metaspace       used 22651K, capacity 22912K, committed 23344K, reserved 1069056K
  class space    used 2942K, capacity 3039K, committed 3120K, reserved 1048576K
Event: 3.686 GC heap after
Heap after GC invocations=6 (full 1):
 PSYoungGen      total 34304K, used 1756K [0x00000000eab00000, 0x00000000ee380000, 0x0000000100000000)
  eden space 31744K, 0% used [0x00000000eab00000,0x00000000eab00000,0x00000000eca00000)
  from space 2560K, 68% used [0x00000000eca00000,0x00000000ecbb71f8,0x00000000ecc80000)
  to   space 7680K, 0% used [0x00000000edc00000,0x00000000edc00000,0x00000000ee380000)
 ParOldGen       total 33792K, used 6516K [0x00000000c0000000, 0x00000000c2100000, 0x00000000eab00000)
  object space 33792K, 19% used [0x00000000c0000000,0x00000000c065d2e8,0x00000000c2100000)
 Metaspace       used 22651K, capacity 22912K, committed 23344K, reserved 1069056K
  class space    used 2942K, capacity 3039K, committed 3120K, reserved 1048576K
}
Event: 3.987 GC heap before
{Heap before GC invocations=7 (full 1):
 PSYoungGen      total 34304K, used 33500K [0x00000000eab00000, 0x00000000ee380000, 0x0000000100000000)
  eden space 31744K, 100% used [0x00000000eab00000,0x00000000eca00000,0x00000000eca00000)
  from space 2560K, 68% used [0x00000000eca00000,0x00000000ecbb71f8,0x00000000ecc80000)
  to   space 7680K, 0% used [0x00000000edc00000,0x00000000edc00000,0x00000000ee380000)
 ParOldGen       total 33792K, used 6516K [0x00000000c0000000, 0x00000000c2100000, 0x00000000eab00000)
  object space 33792K, 19% used [0x00000000c0000000,0x00000000c065d2e8,0x00000000c2100000)
 Metaspace       used 24316K, capacity 24524K, committed 24752K, reserved 1071104K
  class space    used 3082K, capacity 3169K, committed 3248K, reserved 1048576K
Event: 3.995 GC heap after
Heap after GC invocations=7 (full 1):
 PSYoungGen      total 50688K, used 3727K [0x00000000eab00000, 0x00000000eeb00000, 0x0000000100000000)
  eden space 43008K, 0% used [0x00000000eab00000,0x00000000eab00000,0x00000000ed500000)
  from space 7680K, 48% used [0x00000000edc00000,0x00000000edfa3c50,0x00000000ee380000)
  to   space 7168K, 0% used [0x00000000ed500000,0x00000000ed500000,0x00000000edc00000)
 ParOldGen       total 33792K, used 6524K [0x00000000c0000000, 0x00000000c2100000, 0x00000000eab00000)
  object space 33792K, 19% used [0x00000000c0000000,0x00000000c065f2e8,0x00000000c2100000)
 Metaspace       used 24316K, capacity 24524K, committed 24752K, reserved 1071104K
  class space    used 3082K, capacity 3169K, committed 3248K, reserved 1048576K
}
Event: 6.031 GC heap before
{Heap before GC invocations=8 (full 1):
 PSYoungGen      total 50688K, used 46246K [0x00000000eab00000, 0x00000000eeb00000, 0x0000000100000000)
  eden space 43008K, 98% used [0x00000000eab00000,0x00000000ed485d00,0x00000000ed500000)
  from space 7680K, 48% used [0x00000000edc00000,0x00000000edfa3c50,0x00000000ee380000)
  to   space 7168K, 0% used [0x00000000ed500000,0x00000000ed500000,0x00000000edc00000)
 ParOldGen       total 33792K, used 6524K [0x00000000c0000000, 0x00000000c2100000, 0x00000000eab00000)
  object space 33792K, 19% used [0x00000000c0000000,0x00000000c065f2e8,0x00000000c2100000)
 Metaspace       used 34693K, capacity 35412K, committed 35496K, reserved 1079296K
  class space    used 4676K, capacity 4856K, committed 4912K, reserved 1048576K
Event: 6.055 GC heap after
Heap after GC invocations=8 (full 1):
 PSYoungGen      total 50176K, used 7147K [0x00000000eab00000, 0x00000000f0080000, 0x0000000100000000)
  eden space 43008K, 0% used [0x00000000eab00000,0x00000000eab00000,0x00000000ed500000)
  from space 7168K, 99% used [0x00000000ed500000,0x00000000edbfafa8,0x00000000edc00000)
  to   space 9728K, 0% used [0x00000000ef700000,0x00000000ef700000,0x00000000f0080000)
 ParOldGen       total 33792K, used 8984K [0x00000000c0000000, 0x00000000c2100000, 0x00000000eab00000)
  object space 33792K, 26% used [0x00000000c0000000,0x00000000c08c61e8,0x00000000c2100000)
 Metaspace       used 34693K, capacity 35412K, committed 35496K, reserved 1079296K
  class space    used 4676K, capacity 4856K, committed 4912K, reserved 1048576K
}
Event: 6.056 GC heap before
{Heap before GC invocations=9 (full 2):
 PSYoungGen      total 50176K, used 7147K [0x00000000eab00000, 0x00000000f0080000, 0x0000000100000000)
  eden space 43008K, 0% used [0x00000000eab00000,0x00000000eab00000,0x00000000ed500000)
  from space 7168K, 99% used [0x00000000ed500000,0x00000000edbfafa8,0x00000000edc00000)
  to   space 9728K, 0% used [0x00000000ef700000,0x00000000ef700000,0x00000000f0080000)
 ParOldGen       total 33792K, used 8984K [0x00000000c0000000, 0x00000000c2100000, 0x00000000eab00000)
  object space 33792K, 26% used [0x00000000c0000000,0x00000000c08c61e8,0x00000000c2100000)
 Metaspace       used 34693K, capacity 35412K, committed 35496K, reserved 1079296K
  class space    used 4676K, capacity 4856K, committed 4912K, reserved 1048576K
Event: 6.148 GC heap after
Heap after GC invocations=9 (full 2):
 PSYoungGen      total 50176K, used 0K [0x00000000eab00000, 0x00000000f0080000, 0x0000000100000000)
  eden space 43008K, 0% used [0x00000000eab00000,0x00000000eab00000,0x00000000ed500000)
  from space 7168K, 0% used [0x00000000ed500000,0x00000000ed500000,0x00000000edc00000)
  to   space 9728K, 0% used [0x00000000ef700000,0x00000000ef700000,0x00000000f0080000)
 ParOldGen       total 54784K, used 15471K [0x00000000c0000000, 0x00000000c3580000, 0x00000000eab00000)
  object space 54784K, 28% used [0x00000000c0000000,0x00000000c0f1bf08,0x00000000c3580000)
 Metaspace       used 34693K, capacity 35412K, committed 35496K, reserved 1079296K
  class space    used 4676K, capacity 4856K, committed 4912K, reserved 1048576K
}

