# JRE version: Java(TM) SE Runtime Environment (8.0_111-b14) (build 1.8.0_111-b14)
# Java VM: Java HotSpot(TM) 64-Bit Server VM (25.111-b14 mixed mode windows-amd64 compressed oops)
Heap:
 PSYoungGen      total 35328K, used 8748K [0x00000000eab00000, 0x00000000ee380000, 0x0000000100000000)
  eden space 32768K, 18% used [0x00000000eab00000,0x00000000eb10c740,0x00000000ecb00000)
  from space 2560K, 99% used [0x00000000ecb00000,0x00000000ecd7e9a0,0x00000000ecd80000)
  to   space 6144K, 0% used [0x00000000edd80000,0x00000000edd80000,0x00000000ee380000)
 ParOldGen       total 32256K, used 8411K [0x00000000c0000000, 0x00000000c1f80000, 0x00000000eab00000)
  object space 32256K, 26% used [0x00000000c0000000,0x00000000c0836d08,0x00000000c1f80000)
 Metaspace       used 28408K, capacity 28946K, committed 29440K, reserved 1075200K
  class space    used 3842K, capacity 3981K, committed 4096K, reserved 1048576K
GC Heap History (10 events):
Event: 3.798 GC heap before
{Heap before GC invocations=2 (full 0):
 PSYoungGen      total 18944K, used 18909K [0x00000000eab00000, 0x00000000ec000000, 0x0000000100000000)
  eden space 16384K, 99% used [0x00000000eab00000,0x00000000ebaf8f50,0x00000000ebb00000)
  from space 2560K, 99% used [0x00000000ebb00000,0x00000000ebd7e640,0x00000000ebd80000)
  to   space 2560K, 0% used [0x00000000ebd80000,0x00000000ebd80000,0x00000000ec000000)
 ParOldGen       total 44032K, used 1476K [0x00000000c0000000, 0x00000000c2b00000, 0x00000000eab00000)
  object space 44032K, 3% used [0x00000000c0000000,0x00000000c0171258,0x00000000c2b00000)
 Metaspace       used 19427K, capacity 19766K, committed 20096K, reserved 1067008K
  class space    used 2511K, capacity 2635K, committed 2688K, reserved 1048576K
Event: 3.813 GC heap after
Heap after GC invocations=2 (full 0):
 PSYoungGen      total 18944K, used 2537K [0x00000000eab00000, 0x00000000ec000000, 0x0000000100000000)
  eden space 16384K, 0% used [0x00000000eab00000,0x00000000eab00000,0x00000000ebb00000)
  from space 2560K, 99% used [0x00000000ebd80000,0x00000000ebffa610,0x00000000ec000000)
  to   space 2560K, 0% used [0x00000000ebb00000,0x00000000ebb00000,0x00000000ebd80000)
 ParOldGen       total 44032K, used 4530K [0x00000000c0000000, 0x00000000c2b00000, 0x00000000eab00000)
  object space 44032K, 10% used [0x00000000c0000000,0x00000000c046c958,0x00000000c2b00000)
 Metaspace       used 19427K, capacity 19766K, committed 20096K, reserved 1067008K
  class space    used 2511K, capacity 2635K, committed 2688K, reserved 1048576K
}
Event: 3.945 GC heap before
{Heap before GC invocations=3 (full 0):
 PSYoungGen      total 18944K, used 6621K [0x00000000eab00000, 0x00000000ec000000, 0x0000000100000000)
  eden space 16384K, 24% used [0x00000000eab00000,0x00000000eaefd050,0x00000000ebb00000)
  from space 2560K, 99% used [0x00000000ebd80000,0x00000000ebffa610,0x00000000ec000000)
  to   space 2560K, 0% used [0x00000000ebb00000,0x00000000ebb00000,0x00000000ebd80000)
 ParOldGen       total 44032K, used 4530K [0x00000000c0000000, 0x00000000c2b00000, 0x00000000eab00000)
  object space 44032K, 10% used [0x00000000c0000000,0x00000000c046c958,0x00000000c2b00000)
 Metaspace       used 20774K, capacity 21100K, committed 21296K, reserved 1067008K
  class space    used 2719K, capacity 2858K, committed 2944K, reserved 1048576K
Event: 3.954 GC heap after
Heap after GC invocations=3 (full 0):
 PSYoungGen      total 18944K, used 2537K [0x00000000eab00000, 0x00000000ed000000, 0x0000000100000000)
  eden space 16384K, 0% used [0x00000000eab00000,0x00000000eab00000,0x00000000ebb00000)
  from space 2560K, 99% used [0x00000000ebb00000,0x00000000ebd7a630,0x00000000ebd80000)
  to   space 2560K, 0% used [0x00000000ecd80000,0x00000000ecd80000,0x00000000ed000000)
 ParOldGen       total 44032K, used 5184K [0x00000000c0000000, 0x00000000c2b00000, 0x00000000eab00000)
  object space 44032K, 11% used [0x00000000c0000000,0x00000000c05103f8,0x00000000c2b00000)
 Metaspace       used 20774K, capacity 21100K, committed 21296K, reserved 1067008K
  class space    used 2719K, capacity 2858K, committed 2944K, reserved 1048576K
}
Event: 3.954 GC heap before
{Heap before GC invocations=4 (full 1):
 PSYoungGen      total 18944K, used 2537K [0x00000000eab00000, 0x00000000ed000000, 0x0000000100000000)
  eden space 16384K, 0% used [0x00000000eab00000,0x00000000eab00000,0x00000000ebb00000)
  from space 2560K, 99% used [0x00000000ebb00000,0x00000000ebd7a630,0x00000000ebd80000)
  to   space 2560K, 0% used [0x00000000ecd80000,0x00000000ecd80000,0x00000000ed000000)
 ParOldGen       total 44032K, used 5184K [0x00000000c0000000, 0x00000000c2b00000, 0x00000000eab00000)
  object space 44032K, 11% used [0x00000000c0000000,0x00000000c05103f8,0x00000000c2b00000)
 Metaspace       used 20774K, capacity 21100K, committed 21296K, reserved 1067008K
  class space    used 2719K, capacity 2858K, committed 2944K, reserved 1048576K
Event: 4.004 GC heap after
Heap after GC invocations=4 (full 1):
 PSYoungGen      total 18944K, used 0K [0x00000000eab00000, 0x00000000ed000000, 0x0000000100000000)
  eden space 16384K, 0% used [0x00000000eab00000,0x00000000eab00000,0x00000000ebb00000)
  from space 2560K, 0% used [0x00000000ebb00000,0x00000000ebb00000,0x00000000ebd80000)
  to   space 2560K, 0% used [0x00000000ecd80000,0x00000000ecd80000,0x00000000ed000000)
 ParOldGen       total 32256K, used 6436K [0x00000000c0000000, 0x00000000c1f80000, 0x00000000eab00000)
  object space 32256K, 19% used [0x00000000c0000000,0x00000000c0649390,0x00000000c1f80000)
 Metaspace       used 20774K, capacity 21100K, committed 21296K, reserved 1067008K
  class space    used 2719K, capacity 2858K, committed 2944K, reserved 1048576K
}
Event: 4.628 GC heap before
{Heap before GC invocations=5 (full 1):
 PSYoungGen      total 18944K, used 16384K [0x00000000eab00000, 0x00000000ed000000, 0x0000000100000000)
  eden space 16384K, 100% used [0x00000000eab00000,0x00000000ebb00000,0x00000000ebb00000)
  from space 2560K, 0% used [0x00000000ebb00000,0x00000000ebb00000,0x00000000ebd80000)
  to   space 2560K, 0% used [0x00000000ecd80000,0x00000000ecd80000,0x00000000ed000000)
 ParOldGen       total 32256K, used 6436K [0x00000000c0000000, 0x00000000c1f80000, 0x00000000eab00000)
  object space 32256K, 19% used [0x00000000c0000000,0x00000000c0649390,0x00000000c1f80000)
 Metaspace       used 26953K, capacity 27500K, committed 27648K, reserved 1073152K
  class space    used 3681K, capacity 3820K, committed 3840K, reserved 1048576K
Event: 4.638 GC heap after
Heap after GC invocations=5 (full 1):
 PSYoungGen      total 29696K, used 2559K [0x00000000eab00000, 0x00000000ed000000, 0x0000000100000000)
  eden space 27136K, 0% used [0x00000000eab00000,0x00000000eab00000,0x00000000ec580000)
  from space 2560K, 99% used [0x00000000ecd80000,0x00000000ecfffef8,0x00000000ed000000)
  to   space 2560K, 0% used [0x00000000ecb00000,0x00000000ecb00000,0x00000000ecd80000)
 ParOldGen       total 32256K, used 6921K [0x00000000c0000000, 0x00000000c1f80000, 0x00000000eab00000)
  object space 32256K, 21% used [0x00000000c0000000,0x00000000c06c25b0,0x00000000c1f80000)
 Metaspace       used 26953K, capacity 27500K, committed 27648K, reserved 1073152K
  class space    used 3681K, capacity 3820K, committed 3840K, reserved 1048576K
}
Event: 5.139 GC heap before
{Heap before GC invocations=6 (full 1):
 PSYoungGen      total 29696K, used 29695K [0x00000000eab00000, 0x00000000ed000000, 0x0000000100000000)
  eden space 27136K, 100% used [0x00000000eab00000,0x00000000ec580000,0x00000000ec580000)
  from space 2560K, 99% used [0x00000000ecd80000,0x00000000ecfffef8,0x00000000ed000000)
  to   space 2560K, 0% used [0x00000000ecb00000,0x00000000ecb00000,0x00000000ecd80000)
 ParOldGen       total 32256K, used 6921K [0x00000000c0000000, 0x00000000c1f80000, 0x00000000eab00000)
  object space 32256K, 21% used [0x00000000c0000000,0x00000000c06c25b0,0x00000000c1f80000)
 Metaspace       used 28388K, capacity 28882K, committed 29184K, reserved 1075200K
  class space    used 3842K, capacity 3981K, committed 4096K, reserved 1048576K
Event: 5.157 GC heap after
Heap after GC invocations=6 (full 1):
 PSYoungGen      total 35328K, used 2554K [0x00000000eab00000, 0x00000000ee380000, 0x0000000100000000)
  eden space 32768K, 0% used [0x00000000eab00000,0x00000000eab00000,0x00000000ecb00000)
  from space 2560K, 99% used [0x00000000ecb00000,0x00000000ecd7e9a0,0x00000000ecd80000)
  to   space 6144K, 0% used [0x00000000edd80000,0x00000000edd80000,0x00000000ee380000)
 ParOldGen       total 32256K, used 8411K [0x00000000c0000000, 0x00000000c1f80000, 0x00000000eab00000)
  object space 32256K, 26% used [0x00000000c0000000,0x00000000c0836d08,0x00000000c1f80000)
 Metaspace       used 28388K, capacity 28882K, committed 29184K, reserved 1075200K
  class space    used 3842K, capacity 3981K, committed 4096K, reserved 1048576K
}

