# JRE version: Java(TM) SE Runtime Environment (8.0_111-b14) (build 1.8.0_111-b14)
# Java VM: Java HotSpot(TM) 64-Bit Server VM (25.111-b14 mixed mode windows-amd64 compressed oops)
Heap:
 PSYoungGen      total 49152K, used 13827K [0x00000000eab00000, 0x00000000eeb00000, 0x0000000100000000)
  eden space 43008K, 20% used [0x00000000eab00000,0x00000000eb3916c0,0x00000000ed500000)
  from space 6144K, 82% used [0x00000000edb00000,0x00000000edfef920,0x00000000ee100000)
  to   space 6144K, 0% used [0x00000000ed500000,0x00000000ed500000,0x00000000edb00000)
 ParOldGen       total 32768K, used 8345K [0x00000000c0000000, 0x00000000c2000000, 0x00000000eab00000)
  object space 32768K, 25% used [0x00000000c0000000,0x00000000c0826600,0x00000000c2000000)
 Metaspace       used 32264K, capacity 32916K, committed 33200K, reserved 1077248K
  class space    used 4276K, capacity 4436K, committed 4528K, reserved 1048576K
GC Heap History (10 events):
Event: 3.056 GC heap before
{Heap before GC invocations=3 (full 0):
 PSYoungGen      total 18944K, used 6701K [0x00000000eab00000, 0x00000000ec000000, 0x0000000100000000)
  eden space 16384K, 25% used [0x00000000eab00000,0x00000000eaf10e20,0x00000000ebb00000)
  from space 2560K, 99% used [0x00000000ebd80000,0x00000000ebffa630,0x00000000ec000000)
  to   space 2560K, 0% used [0x00000000ebb00000,0x00000000ebb00000,0x00000000ebd80000)
 ParOldGen       total 44032K, used 4545K [0x00000000c0000000, 0x00000000c2b00000, 0x00000000eab00000)
  object space 44032K, 10% used [0x00000000c0000000,0x00000000c04705c0,0x00000000c2b00000)
 Metaspace       used 20765K, capacity 21072K, committed 21296K, reserved 1067008K
  class space    used 2725K, capacity 2826K, committed 2864K, reserved 1048576K
Event: 3.064 GC heap after
Heap after GC invocations=3 (full 0):
 PSYoungGen      total 18944K, used 2553K [0x00000000eab00000, 0x00000000ed000000, 0x0000000100000000)
  eden space 16384K, 0% used [0x00000000eab00000,0x00000000eab00000,0x00000000ebb00000)
  from space 2560K, 99% used [0x00000000ebb00000,0x00000000ebd7e640,0x00000000ebd80000)
  to   space 2560K, 0% used [0x00000000ecd80000,0x00000000ecd80000,0x00000000ed000000)
 ParOldGen       total 44032K, used 5172K [0x00000000c0000000, 0x00000000c2b00000, 0x00000000eab00000)
  object space 44032K, 11% used [0x00000000c0000000,0x00000000c050d1b0,0x00000000c2b00000)
 Metaspace       used 20765K, capacity 21072K, committed 21296K, reserved 1067008K
  class space    used 2725K, capacity 2826K, committed 2864K, reserved 1048576K
}
Event: 3.064 GC heap before
{Heap before GC invocations=4 (full 1):
 PSYoungGen      total 18944K, used 2553K [0x00000000eab00000, 0x00000000ed000000, 0x0000000100000000)
  eden space 16384K, 0% used [0x00000000eab00000,0x00000000eab00000,0x00000000ebb00000)
  from space 2560K, 99% used [0x00000000ebb00000,0x00000000ebd7e640,0x00000000ebd80000)
  to   space 2560K, 0% used [0x00000000ecd80000,0x00000000ecd80000,0x00000000ed000000)
 ParOldGen       total 44032K, used 5172K [0x00000000c0000000, 0x00000000c2b00000, 0x00000000eab00000)
  object space 44032K, 11% used [0x00000000c0000000,0x00000000c050d1b0,0x00000000c2b00000)
 Metaspace       used 20765K, capacity 21072K, committed 21296K, reserved 1067008K
  class space    used 2725K, capacity 2826K, committed 2864K, reserved 1048576K
Event: 3.106 GC heap after
Heap after GC invocations=4 (full 1):
 PSYoungGen      total 18944K, used 0K [0x00000000eab00000, 0x00000000ed000000, 0x0000000100000000)
  eden space 16384K, 0% used [0x00000000eab00000,0x00000000eab00000,0x00000000ebb00000)
  from space 2560K, 0% used [0x00000000ebb00000,0x00000000ebb00000,0x00000000ebd80000)
  to   space 2560K, 0% used [0x00000000ecd80000,0x00000000ecd80000,0x00000000ed000000)
 ParOldGen       total 32768K, used 6431K [0x00000000c0000000, 0x00000000c2000000, 0x00000000eab00000)
  object space 32768K, 19% used [0x00000000c0000000,0x00000000c0647d60,0x00000000c2000000)
 Metaspace       used 20765K, capacity 21072K, committed 21296K, reserved 1067008K
  class space    used 2725K, capacity 2826K, committed 2864K, reserved 1048576K
}
Event: 3.660 GC heap before
{Heap before GC invocations=5 (full 1):
 PSYoungGen      total 18944K, used 16369K [0x00000000eab00000, 0x00000000ed000000, 0x0000000100000000)
  eden space 16384K, 99% used [0x00000000eab00000,0x00000000ebafc540,0x00000000ebb00000)
  from space 2560K, 0% used [0x00000000ebb00000,0x00000000ebb00000,0x00000000ebd80000)
  to   space 2560K, 0% used [0x00000000ecd80000,0x00000000ecd80000,0x00000000ed000000)
 ParOldGen       total 32768K, used 6431K [0x00000000c0000000, 0x00000000c2000000, 0x00000000eab00000)
  object space 32768K, 19% used [0x00000000c0000000,0x00000000c0647d60,0x00000000c2000000)
 Metaspace       used 26764K, capacity 27198K, committed 27696K, reserved 1073152K
  class space    used 3650K, capacity 3785K, committed 3888K, reserved 1048576K
Event: 3.668 GC heap after
Heap after GC invocations=5 (full 1):
 PSYoungGen      total 29184K, used 2544K [0x00000000eab00000, 0x00000000ed000000, 0x0000000100000000)
  eden space 26624K, 0% used [0x00000000eab00000,0x00000000eab00000,0x00000000ec500000)
  from space 2560K, 99% used [0x00000000ecd80000,0x00000000ecffc040,0x00000000ed000000)
  to   space 2560K, 0% used [0x00000000ecb00000,0x00000000ecb00000,0x00000000ecd80000)
 ParOldGen       total 32768K, used 7020K [0x00000000c0000000, 0x00000000c2000000, 0x00000000eab00000)
  object space 32768K, 21% used [0x00000000c0000000,0x00000000c06db2c8,0x00000000c2000000)
 Metaspace       used 26764K, capacity 27198K, committed 27696K, reserved 1073152K
  class space    used 3650K, capacity 3785K, committed 3888K, reserved 1048576K
}
Event: 4.169 GC heap before
{Heap before GC invocations=6 (full 1):
 PSYoungGen      total 29184K, used 29168K [0x00000000eab00000, 0x00000000ed000000, 0x0000000100000000)
  eden space 26624K, 100% used [0x00000000eab00000,0x00000000ec500000,0x00000000ec500000)
  from space 2560K, 99% used [0x00000000ecd80000,0x00000000ecffc040,0x00000000ed000000)
  to   space 2560K, 0% used [0x00000000ecb00000,0x00000000ecb00000,0x00000000ecd80000)
 ParOldGen       total 32768K, used 7020K [0x00000000c0000000, 0x00000000c2000000, 0x00000000eab00000)
  object space 32768K, 21% used [0x00000000c0000000,0x00000000c06db2c8,0x00000000c2000000)
 Metaspace       used 28137K, capacity 28580K, committed 28848K, reserved 1075200K
  class space    used 3803K, capacity 3946K, committed 4016K, reserved 1048576K
Event: 4.178 GC heap after
Heap after GC invocations=6 (full 1):
 PSYoungGen      total 35328K, used 2554K [0x00000000eab00000, 0x00000000ee100000, 0x0000000100000000)
  eden space 32768K, 0% used [0x00000000eab00000,0x00000000eab00000,0x00000000ecb00000)
  from space 2560K, 99% used [0x00000000ecb00000,0x00000000ecd7ea10,0x00000000ecd80000)
  to   space 6144K, 0% used [0x00000000edb00000,0x00000000edb00000,0x00000000ee100000)
 ParOldGen       total 32768K, used 8337K [0x00000000c0000000, 0x00000000c2000000, 0x00000000eab00000)
  object space 32768K, 25% used [0x00000000c0000000,0x00000000c0824600,0x00000000c2000000)
 Metaspace       used 28137K, capacity 28580K, committed 28848K, reserved 1075200K
  class space    used 3803K, capacity 3946K, committed 4016K, reserved 1048576K
}
Event: 4.587 GC heap before
{Heap before GC invocations=7 (full 1):
 PSYoungGen      total 35328K, used 35322K [0x00000000eab00000, 0x00000000ee100000, 0x0000000100000000)
  eden space 32768K, 100% used [0x00000000eab00000,0x00000000ecb00000,0x00000000ecb00000)
  from space 2560K, 99% used [0x00000000ecb00000,0x00000000ecd7ea10,0x00000000ecd80000)
  to   space 6144K, 0% used [0x00000000edb00000,0x00000000edb00000,0x00000000ee100000)
 ParOldGen       total 32768K, used 8337K [0x00000000c0000000, 0x00000000c2000000, 0x00000000eab00000)
  object space 32768K, 25% used [0x00000000c0000000,0x00000000c0824600,0x00000000c2000000)
 Metaspace       used 30005K, capacity 30436K, committed 30768K, reserved 1075200K
  class space    used 3952K, capacity 4074K, committed 4144K, reserved 1048576K
Event: 4.600 GC heap after
Heap after GC invocations=7 (full 1):
 PSYoungGen      total 49152K, used 5054K [0x00000000eab00000, 0x00000000eeb00000, 0x0000000100000000)
  eden space 43008K, 0% used [0x00000000eab00000,0x00000000eab00000,0x00000000ed500000)
  from space 6144K, 82% used [0x00000000edb00000,0x00000000edfef920,0x00000000ee100000)
  to   space 6144K, 0% used [0x00000000ed500000,0x00000000ed500000,0x00000000edb00000)
 ParOldGen       total 32768K, used 8345K [0x00000000c0000000, 0x00000000c2000000, 0x00000000eab00000)
  object space 32768K, 25% used [0x00000000c0000000,0x00000000c0826600,0x00000000c2000000)
 Metaspace       used 30005K, capacity 30436K, committed 30768K, reserved 1075200K
  class space    used 3952K, capacity 4074K, committed 4144K, reserved 1048576K
}

