# JRE version: Java(TM) SE Runtime Environment (8.0_111-b14) (build 1.8.0_111-b14)
# Java VM: Java HotSpot(TM) 64-Bit Server VM (25.111-b14 mixed mode windows-amd64 compressed oops)
Heap:
 PSYoungGen      total 53248K, used 13208K [0x00000000eab00000, 0x00000000eef00000, 0x0000000100000000)
  eden space 46592K, 17% used [0x00000000eab00000,0x00000000eb2ddd08,0x00000000ed880000)
  from space 6656K, 77% used [0x00000000edf00000,0x00000000ee4086c0,0x00000000ee580000)
  to   space 6656K, 0% used [0x00000000ed880000,0x00000000ed880000,0x00000000edf00000)
 ParOldGen       total 32256K, used 8503K [0x00000000c0000000, 0x00000000c1f80000, 0x00000000eab00000)
  object space 32256K, 26% used [0x00000000c0000000,0x00000000c084df18,0x00000000c1f80000)
 Metaspace       used 32219K, capacity 32758K, committed 33200K, reserved 1077248K
  class space    used 4262K, capacity 4411K, committed 4528K, reserved 1048576K
GC Heap History (10 events):
Event: 4.676 GC heap before
{Heap before GC invocations=3 (full 0):
 PSYoungGen      total 18944K, used 6681K [0x00000000eab00000, 0x00000000ed000000, 0x0000000100000000)
  eden space 16384K, 25% used [0x00000000eab00000,0x00000000eaf0be90,0x00000000ebb00000)
  from space 2560K, 99% used [0x00000000ecd80000,0x00000000ecffa630,0x00000000ed000000)
  to   space 2560K, 0% used [0x00000000ebb00000,0x00000000ebb00000,0x00000000ebd80000)
 ParOldGen       total 44032K, used 5110K [0x00000000c0000000, 0x00000000c2b00000, 0x00000000eab00000)
  object space 44032K, 11% used [0x00000000c0000000,0x00000000c04fd828,0x00000000c2b00000)
 Metaspace       used 20813K, capacity 21128K, committed 21296K, reserved 1067008K
  class space    used 2724K, capacity 2826K, committed 2864K, reserved 1048576K
Event: 4.683 GC heap after
Heap after GC invocations=3 (full 0):
 PSYoungGen      total 18944K, used 2553K [0x00000000eab00000, 0x00000000ed000000, 0x0000000100000000)
  eden space 16384K, 0% used [0x00000000eab00000,0x00000000eab00000,0x00000000ebb00000)
  from space 2560K, 99% used [0x00000000ebb00000,0x00000000ebd7e640,0x00000000ebd80000)
  to   space 2560K, 0% used [0x00000000ecd80000,0x00000000ecd80000,0x00000000ed000000)
 ParOldGen       total 44032K, used 5796K [0x00000000c0000000, 0x00000000c2b00000, 0x00000000eab00000)
  object space 44032K, 13% used [0x00000000c0000000,0x00000000c05a9160,0x00000000c2b00000)
 Metaspace       used 20813K, capacity 21128K, committed 21296K, reserved 1067008K
  class space    used 2724K, capacity 2826K, committed 2864K, reserved 1048576K
}
Event: 4.684 GC heap before
{Heap before GC invocations=4 (full 1):
 PSYoungGen      total 18944K, used 2553K [0x00000000eab00000, 0x00000000ed000000, 0x0000000100000000)
  eden space 16384K, 0% used [0x00000000eab00000,0x00000000eab00000,0x00000000ebb00000)
  from space 2560K, 99% used [0x00000000ebb00000,0x00000000ebd7e640,0x00000000ebd80000)
  to   space 2560K, 0% used [0x00000000ecd80000,0x00000000ecd80000,0x00000000ed000000)
 ParOldGen       total 44032K, used 5796K [0x00000000c0000000, 0x00000000c2b00000, 0x00000000eab00000)
  object space 44032K, 13% used [0x00000000c0000000,0x00000000c05a9160,0x00000000c2b00000)
 Metaspace       used 20813K, capacity 21128K, committed 21296K, reserved 1067008K
  class space    used 2724K, capacity 2826K, committed 2864K, reserved 1048576K
Event: 4.725 GC heap after
Heap after GC invocations=4 (full 1):
 PSYoungGen      total 18944K, used 0K [0x00000000eab00000, 0x00000000ed000000, 0x0000000100000000)
  eden space 16384K, 0% used [0x00000000eab00000,0x00000000eab00000,0x00000000ebb00000)
  from space 2560K, 0% used [0x00000000ebb00000,0x00000000ebb00000,0x00000000ebd80000)
  to   space 2560K, 0% used [0x00000000ecd80000,0x00000000ecd80000,0x00000000ed000000)
 ParOldGen       total 32256K, used 6425K [0x00000000c0000000, 0x00000000c1f80000, 0x00000000eab00000)
  object space 32256K, 19% used [0x00000000c0000000,0x00000000c0646668,0x00000000c1f80000)
 Metaspace       used 20813K, capacity 21128K, committed 21296K, reserved 1067008K
  class space    used 2724K, capacity 2826K, committed 2864K, reserved 1048576K
}
Event: 5.358 GC heap before
{Heap before GC invocations=5 (full 1):
 PSYoungGen      total 18944K, used 16357K [0x00000000eab00000, 0x00000000ed000000, 0x0000000100000000)
  eden space 16384K, 99% used [0x00000000eab00000,0x00000000ebaf9578,0x00000000ebb00000)
  from space 2560K, 0% used [0x00000000ebb00000,0x00000000ebb00000,0x00000000ebd80000)
  to   space 2560K, 0% used [0x00000000ecd80000,0x00000000ecd80000,0x00000000ed000000)
 ParOldGen       total 32256K, used 6425K [0x00000000c0000000, 0x00000000c1f80000, 0x00000000eab00000)
  object space 32256K, 19% used [0x00000000c0000000,0x00000000c0646668,0x00000000c1f80000)
 Metaspace       used 26833K, capacity 27318K, committed 27696K, reserved 1073152K
  class space    used 3646K, capacity 3785K, committed 3888K, reserved 1048576K
Event: 5.365 GC heap after
Heap after GC invocations=5 (full 1):
 PSYoungGen      total 30208K, used 2543K [0x00000000eab00000, 0x00000000ed000000, 0x0000000100000000)
  eden space 27648K, 0% used [0x00000000eab00000,0x00000000eab00000,0x00000000ec600000)
  from space 2560K, 99% used [0x00000000ecd80000,0x00000000ecffbf38,0x00000000ed000000)
  to   space 2560K, 0% used [0x00000000ecb00000,0x00000000ecb00000,0x00000000ecd80000)
 ParOldGen       total 32256K, used 7038K [0x00000000c0000000, 0x00000000c1f80000, 0x00000000eab00000)
  object space 32256K, 21% used [0x00000000c0000000,0x00000000c06dfb70,0x00000000c1f80000)
 Metaspace       used 26833K, capacity 27318K, committed 27696K, reserved 1073152K
  class space    used 3646K, capacity 3785K, committed 3888K, reserved 1048576K
}
Event: 5.858 GC heap before
{Heap before GC invocations=6 (full 1):
 PSYoungGen      total 30208K, used 30191K [0x00000000eab00000, 0x00000000ed000000, 0x0000000100000000)
  eden space 27648K, 100% used [0x00000000eab00000,0x00000000ec600000,0x00000000ec600000)
  from space 2560K, 99% used [0x00000000ecd80000,0x00000000ecffbf38,0x00000000ed000000)
  to   space 2560K, 0% used [0x00000000ecb00000,0x00000000ecb00000,0x00000000ecd80000)
 ParOldGen       total 32256K, used 7038K [0x00000000c0000000, 0x00000000c1f80000, 0x00000000eab00000)
  object space 32256K, 21% used [0x00000000c0000000,0x00000000c06dfb70,0x00000000c1f80000)
 Metaspace       used 28270K, capacity 28700K, committed 29104K, reserved 1075200K
  class space    used 3805K, capacity 3946K, committed 4016K, reserved 1048576K
Event: 5.868 GC heap after
Heap after GC invocations=6 (full 1):
 PSYoungGen      total 35328K, used 2532K [0x00000000eab00000, 0x00000000ee580000, 0x0000000100000000)
  eden space 32768K, 0% used [0x00000000eab00000,0x00000000eab00000,0x00000000ecb00000)
  from space 2560K, 98% used [0x00000000ecb00000,0x00000000ecd79050,0x00000000ecd80000)
  to   space 6656K, 0% used [0x00000000edf00000,0x00000000edf00000,0x00000000ee580000)
 ParOldGen       total 32256K, used 8495K [0x00000000c0000000, 0x00000000c1f80000, 0x00000000eab00000)
  object space 32256K, 26% used [0x00000000c0000000,0x00000000c084bf18,0x00000000c1f80000)
 Metaspace       used 28270K, capacity 28700K, committed 29104K, reserved 1075200K
  class space    used 3805K, capacity 3946K, committed 4016K, reserved 1048576K
}
Event: 6.304 GC heap before
{Heap before GC invocations=7 (full 1):
 PSYoungGen      total 35328K, used 35234K [0x00000000eab00000, 0x00000000ee580000, 0x0000000100000000)
  eden space 32768K, 99% used [0x00000000eab00000,0x00000000ecaefb18,0x00000000ecb00000)
  from space 2560K, 98% used [0x00000000ecb00000,0x00000000ecd79050,0x00000000ecd80000)
  to   space 6656K, 0% used [0x00000000edf00000,0x00000000edf00000,0x00000000ee580000)
 ParOldGen       total 32256K, used 8495K [0x00000000c0000000, 0x00000000c1f80000, 0x00000000eab00000)
  object space 32256K, 26% used [0x00000000c0000000,0x00000000c084bf18,0x00000000c1f80000)
 Metaspace       used 30291K, capacity 30780K, committed 31024K, reserved 1077248K
  class space    used 3971K, capacity 4106K, committed 4144K, reserved 1048576K
Event: 6.317 GC heap after
Heap after GC invocations=7 (full 1):
 PSYoungGen      total 53248K, used 5153K [0x00000000eab00000, 0x00000000eef00000, 0x0000000100000000)
  eden space 46592K, 0% used [0x00000000eab00000,0x00000000eab00000,0x00000000ed880000)
  from space 6656K, 77% used [0x00000000edf00000,0x00000000ee4086c0,0x00000000ee580000)
  to   space 6656K, 0% used [0x00000000ed880000,0x00000000ed880000,0x00000000edf00000)
 ParOldGen       total 32256K, used 8503K [0x00000000c0000000, 0x00000000c1f80000, 0x00000000eab00000)
  object space 32256K, 26% used [0x00000000c0000000,0x00000000c084df18,0x00000000c1f80000)
 Metaspace       used 30291K, capacity 30780K, committed 31024K, reserved 1077248K
  class space    used 3971K, capacity 4106K, committed 4144K, reserved 1048576K
}

