# JRE version: Java(TM) SE Runtime Environment (8.0_111-b14) (build 1.8.0_111-b14)
# Java VM: Java HotSpot(TM) 64-Bit Server VM (25.111-b14 mixed mode windows-amd64 compressed oops)
Heap:
 PSYoungGen      total 48640K, used 9339K [0x00000000eab00000, 0x00000000eeb00000, 0x0000000100000000)
  eden space 41472K, 16% used [0x00000000eab00000,0x00000000eb1a2768,0x00000000ed380000)
  from space 7168K, 35% used [0x00000000eda80000,0x00000000edcfc7d0,0x00000000ee180000)
  to   space 7168K, 0% used [0x00000000ed380000,0x00000000ed380000,0x00000000eda80000)
 ParOldGen       total 34304K, used 6449K [0x00000000c0000000, 0x00000000c2180000, 0x00000000eab00000)
  object space 34304K, 18% used [0x00000000c0000000,0x00000000c064c648,0x00000000c2180000)
 Metaspace       used 25531K, capacity 25744K, committed 26112K, reserved 1073152K
  class space    used 3203K, capacity 3297K, committed 3328K, reserved 1048576K
GC Heap History (10 events):
Event: 4.563 GC heap before
{Heap before GC invocations=3 (full 0):
 PSYoungGen      total 18944K, used 8380K [0x00000000eab00000, 0x00000000ec000000, 0x0000000100000000)
  eden space 16384K, 35% used [0x00000000eab00000,0x00000000eb0b3c98,0x00000000ebb00000)
  from space 2560K, 99% used [0x00000000ebd80000,0x00000000ebffb6c0,0x00000000ec000000)
  to   space 2560K, 0% used [0x00000000ebb00000,0x00000000ebb00000,0x00000000ebd80000)
 ParOldGen       total 44032K, used 5196K [0x00000000c0000000, 0x00000000c2b00000, 0x00000000eab00000)
  object space 44032K, 11% used [0x00000000c0000000,0x00000000c05130e8,0x00000000c2b00000)
 Metaspace       used 20894K, capacity 21076K, committed 21248K, reserved 1067008K
  class space    used 2738K, capacity 2812K, committed 2816K, reserved 1048576K
Event: 4.572 GC heap after
Heap after GC invocations=3 (full 0):
 PSYoungGen      total 18944K, used 2557K [0x00000000eab00000, 0x00000000ed000000, 0x0000000100000000)
  eden space 16384K, 0% used [0x00000000eab00000,0x00000000eab00000,0x00000000ebb00000)
  from space 2560K, 99% used [0x00000000ebb00000,0x00000000ebd7f6d0,0x00000000ebd80000)
  to   space 2560K, 0% used [0x00000000ecd80000,0x00000000ecd80000,0x00000000ed000000)
 ParOldGen       total 44032K, used 5942K [0x00000000c0000000, 0x00000000c2b00000, 0x00000000eab00000)
  object space 44032K, 13% used [0x00000000c0000000,0x00000000c05cda00,0x00000000c2b00000)
 Metaspace       used 20894K, capacity 21076K, committed 21248K, reserved 1067008K
  class space    used 2738K, capacity 2812K, committed 2816K, reserved 1048576K
}
Event: 4.572 GC heap before
{Heap before GC invocations=4 (full 1):
 PSYoungGen      total 18944K, used 2557K [0x00000000eab00000, 0x00000000ed000000, 0x0000000100000000)
  eden space 16384K, 0% used [0x00000000eab00000,0x00000000eab00000,0x00000000ebb00000)
  from space 2560K, 99% used [0x00000000ebb00000,0x00000000ebd7f6d0,0x00000000ebd80000)
  to   space 2560K, 0% used [0x00000000ecd80000,0x00000000ecd80000,0x00000000ed000000)
 ParOldGen       total 44032K, used 5942K [0x00000000c0000000, 0x00000000c2b00000, 0x00000000eab00000)
  object space 44032K, 13% used [0x00000000c0000000,0x00000000c05cda00,0x00000000c2b00000)
 Metaspace       used 20894K, capacity 21076K, committed 21248K, reserved 1067008K
  class space    used 2738K, capacity 2812K, committed 2816K, reserved 1048576K
Event: 4.629 GC heap after
Heap after GC invocations=4 (full 1):
 PSYoungGen      total 18944K, used 0K [0x00000000eab00000, 0x00000000ed000000, 0x0000000100000000)
  eden space 16384K, 0% used [0x00000000eab00000,0x00000000eab00000,0x00000000ebb00000)
  from space 2560K, 0% used [0x00000000ebb00000,0x00000000ebb00000,0x00000000ebd80000)
  to   space 2560K, 0% used [0x00000000ecd80000,0x00000000ecd80000,0x00000000ed000000)
 ParOldGen       total 34304K, used 6425K [0x00000000c0000000, 0x00000000c2180000, 0x00000000eab00000)
  object space 34304K, 18% used [0x00000000c0000000,0x00000000c0646648,0x00000000c2180000)
 Metaspace       used 20894K, capacity 21076K, committed 21248K, reserved 1067008K
  class space    used 2738K, capacity 2812K, committed 2816K, reserved 1048576K
}
Event: 5.149 GC heap before
{Heap before GC invocations=5 (full 1):
 PSYoungGen      total 18944K, used 16384K [0x00000000eab00000, 0x00000000ed000000, 0x0000000100000000)
  eden space 16384K, 100% used [0x00000000eab00000,0x00000000ebb00000,0x00000000ebb00000)
  from space 2560K, 0% used [0x00000000ebb00000,0x00000000ebb00000,0x00000000ebd80000)
  to   space 2560K, 0% used [0x00000000ecd80000,0x00000000ecd80000,0x00000000ed000000)
 ParOldGen       total 34304K, used 6425K [0x00000000c0000000, 0x00000000c2180000, 0x00000000eab00000)
  object space 34304K, 18% used [0x00000000c0000000,0x00000000c0646648,0x00000000c2180000)
 Metaspace       used 21925K, capacity 22170K, committed 22400K, reserved 1069056K
  class space    used 2861K, capacity 2942K, committed 2944K, reserved 1048576K
Event: 5.152 GC heap after
Heap after GC invocations=5 (full 1):
 PSYoungGen      total 27136K, used 1258K [0x00000000eab00000, 0x00000000ecf00000, 0x0000000100000000)
  eden space 25600K, 0% used [0x00000000eab00000,0x00000000eab00000,0x00000000ec400000)
  from space 1536K, 81% used [0x00000000ecd80000,0x00000000ecebab10,0x00000000ecf00000)
  to   space 2560K, 0% used [0x00000000eca00000,0x00000000eca00000,0x00000000ecc80000)
 ParOldGen       total 34304K, used 6433K [0x00000000c0000000, 0x00000000c2180000, 0x00000000eab00000)
  object space 34304K, 18% used [0x00000000c0000000,0x00000000c0648648,0x00000000c2180000)
 Metaspace       used 21925K, capacity 22170K, committed 22400K, reserved 1069056K
  class space    used 2861K, capacity 2942K, committed 2944K, reserved 1048576K
}
Event: 5.520 GC heap before
{Heap before GC invocations=6 (full 1):
 PSYoungGen      total 27136K, used 26858K [0x00000000eab00000, 0x00000000ecf00000, 0x0000000100000000)
  eden space 25600K, 100% used [0x00000000eab00000,0x00000000ec400000,0x00000000ec400000)
  from space 1536K, 81% used [0x00000000ecd80000,0x00000000ecebab10,0x00000000ecf00000)
  to   space 2560K, 0% used [0x00000000eca00000,0x00000000eca00000,0x00000000ecc80000)
 ParOldGen       total 34304K, used 6433K [0x00000000c0000000, 0x00000000c2180000, 0x00000000eab00000)
  object space 34304K, 18% used [0x00000000c0000000,0x00000000c0648648,0x00000000c2180000)
 Metaspace       used 22599K, capacity 22916K, committed 23296K, reserved 1069056K
  class space    used 2926K, capacity 3039K, committed 3072K, reserved 1048576K
Event: 5.532 GC heap after
Heap after GC invocations=6 (full 1):
 PSYoungGen      total 34304K, used 1705K [0x00000000eab00000, 0x00000000ee180000, 0x0000000100000000)
  eden space 31744K, 0% used [0x00000000eab00000,0x00000000eab00000,0x00000000eca00000)
  from space 2560K, 66% used [0x00000000eca00000,0x00000000ecbaa718,0x00000000ecc80000)
  to   space 7168K, 0% used [0x00000000eda80000,0x00000000eda80000,0x00000000ee180000)
 ParOldGen       total 34304K, used 6441K [0x00000000c0000000, 0x00000000c2180000, 0x00000000eab00000)
  object space 34304K, 18% used [0x00000000c0000000,0x00000000c064a648,0x00000000c2180000)
 Metaspace       used 22599K, capacity 22916K, committed 23296K, reserved 1069056K
  class space    used 2926K, capacity 3039K, committed 3072K, reserved 1048576K
}
Event: 5.923 GC heap before
{Heap before GC invocations=7 (full 1):
 PSYoungGen      total 34304K, used 33449K [0x00000000eab00000, 0x00000000ee180000, 0x0000000100000000)
  eden space 31744K, 100% used [0x00000000eab00000,0x00000000eca00000,0x00000000eca00000)
  from space 2560K, 66% used [0x00000000eca00000,0x00000000ecbaa718,0x00000000ecc80000)
  to   space 7168K, 0% used [0x00000000eda80000,0x00000000eda80000,0x00000000ee180000)
 ParOldGen       total 34304K, used 6441K [0x00000000c0000000, 0x00000000c2180000, 0x00000000eab00000)
  object space 34304K, 18% used [0x00000000c0000000,0x00000000c064a648,0x00000000c2180000)
 Metaspace       used 23976K, capacity 24272K, committed 24704K, reserved 1071104K
  class space    used 3026K, capacity 3105K, committed 3200K, reserved 1048576K
Event: 5.930 GC heap after
Heap after GC invocations=7 (full 1):
 PSYoungGen      total 48640K, used 2545K [0x00000000eab00000, 0x00000000eeb00000, 0x0000000100000000)
  eden space 41472K, 0% used [0x00000000eab00000,0x00000000eab00000,0x00000000ed380000)
  from space 7168K, 35% used [0x00000000eda80000,0x00000000edcfc7d0,0x00000000ee180000)
  to   space 7168K, 0% used [0x00000000ed380000,0x00000000ed380000,0x00000000eda80000)
 ParOldGen       total 34304K, used 6449K [0x00000000c0000000, 0x00000000c2180000, 0x00000000eab00000)
  object space 34304K, 18% used [0x00000000c0000000,0x00000000c064c648,0x00000000c2180000)
 Metaspace       used 23976K, capacity 24272K, committed 24704K, reserved 1071104K
  class space    used 3026K, capacity 3105K, committed 3200K, reserved 1048576K
}

