# JRE version: Java(TM) SE Runtime Environment (8.0_111-b14) (build 1.8.0_111-b14)
# Java VM: Java HotSpot(TM) 64-Bit Server VM (25.111-b14 mixed mode windows-amd64 compressed oops)
Heap:
 PSYoungGen      total 53760K, used 2526K [0x00000000eab00000, 0x00000000f0c00000, 0x0000000100000000)
  eden space 47104K, 5% used [0x00000000eab00000,0x00000000ead779e8,0x00000000ed900000)
  from space 6656K, 0% used [0x00000000ed900000,0x00000000ed900000,0x00000000edf80000)
  to   space 9728K, 0% used [0x00000000f0280000,0x00000000f0280000,0x00000000f0c00000)
 ParOldGen       total 52736K, used 15314K [0x00000000c0000000, 0x00000000c3380000, 0x00000000eab00000)
  object space 52736K, 29% used [0x00000000c0000000,0x00000000c0ef48b0,0x00000000c3380000)
 Metaspace       used 35163K, capacity 35950K, committed 36224K, reserved 1081344K
  class space    used 4738K, capacity 4923K, committed 4992K, reserved 1048576K
GC Heap History (10 events):
Event: 5.854 GC heap before
{Heap before GC invocations=5 (full 1):
 PSYoungGen      total 18944K, used 16384K [0x00000000eab00000, 0x00000000ed000000, 0x0000000100000000)
  eden space 16384K, 100% used [0x00000000eab00000,0x00000000ebb00000,0x00000000ebb00000)
  from space 2560K, 0% used [0x00000000ebb00000,0x00000000ebb00000,0x00000000ebd80000)
  to   space 2560K, 0% used [0x00000000ecd80000,0x00000000ecd80000,0x00000000ed000000)
 ParOldGen       total 32256K, used 6297K [0x00000000c0000000, 0x00000000c1f80000, 0x00000000eab00000)
  object space 32256K, 19% used [0x00000000c0000000,0x00000000c06264c8,0x00000000c1f80000)
 Metaspace       used 21986K, capacity 22238K, committed 22400K, reserved 1069056K
  class space    used 2873K, capacity 2942K, committed 2944K, reserved 1048576K
Event: 5.857 GC heap after
Heap after GC invocations=5 (full 1):
 PSYoungGen      total 29184K, used 1403K [0x00000000eab00000, 0x00000000ecf00000, 0x0000000100000000)
  eden space 27648K, 0% used [0x00000000eab00000,0x00000000eab00000,0x00000000ec600000)
  from space 1536K, 91% used [0x00000000ecd80000,0x00000000ecedeeb0,0x00000000ecf00000)
  to   space 2560K, 0% used [0x00000000eca00000,0x00000000eca00000,0x00000000ecc80000)
 ParOldGen       total 32256K, used 6305K [0x00000000c0000000, 0x00000000c1f80000, 0x00000000eab00000)
  object space 32256K, 19% used [0x00000000c0000000,0x00000000c06284c8,0x00000000c1f80000)
 Metaspace       used 21986K, capacity 22238K, committed 22400K, reserved 1069056K
  class space    used 2873K, capacity 2942K, committed 2944K, reserved 1048576K
}
Event: 6.127 GC heap before
{Heap before GC invocations=6 (full 1):
 PSYoungGen      total 29184K, used 29051K [0x00000000eab00000, 0x00000000ecf00000, 0x0000000100000000)
  eden space 27648K, 100% used [0x00000000eab00000,0x00000000ec600000,0x00000000ec600000)
  from space 1536K, 91% used [0x00000000ecd80000,0x00000000ecedeeb0,0x00000000ecf00000)
  to   space 2560K, 0% used [0x00000000eca00000,0x00000000eca00000,0x00000000ecc80000)
 ParOldGen       total 32256K, used 6305K [0x00000000c0000000, 0x00000000c1f80000, 0x00000000eab00000)
  object space 32256K, 19% used [0x00000000c0000000,0x00000000c06284c8,0x00000000c1f80000)
 Metaspace       used 22618K, capacity 22852K, committed 23296K, reserved 1069056K
  class space    used 2936K, capacity 3039K, committed 3072K, reserved 1048576K
Event: 6.132 GC heap after
Heap after GC invocations=6 (full 1):
 PSYoungGen      total 34304K, used 1883K [0x00000000eab00000, 0x00000000ee680000, 0x0000000100000000)
  eden space 31744K, 0% used [0x00000000eab00000,0x00000000eab00000,0x00000000eca00000)
  from space 2560K, 73% used [0x00000000eca00000,0x00000000ecbd6dd8,0x00000000ecc80000)
  to   space 7168K, 0% used [0x00000000edf80000,0x00000000edf80000,0x00000000ee680000)
 ParOldGen       total 32256K, used 6313K [0x00000000c0000000, 0x00000000c1f80000, 0x00000000eab00000)
  object space 32256K, 19% used [0x00000000c0000000,0x00000000c062a4c8,0x00000000c1f80000)
 Metaspace       used 22618K, capacity 22852K, committed 23296K, reserved 1069056K
  class space    used 2936K, capacity 3039K, committed 3072K, reserved 1048576K
}
Event: 6.455 GC heap before
{Heap before GC invocations=7 (full 1):
 PSYoungGen      total 34304K, used 33627K [0x00000000eab00000, 0x00000000ee680000, 0x0000000100000000)
  eden space 31744K, 100% used [0x00000000eab00000,0x00000000eca00000,0x00000000eca00000)
  from space 2560K, 73% used [0x00000000eca00000,0x00000000ecbd6dd8,0x00000000ecc80000)
  to   space 7168K, 0% used [0x00000000edf80000,0x00000000edf80000,0x00000000ee680000)
 ParOldGen       total 32256K, used 6313K [0x00000000c0000000, 0x00000000c1f80000, 0x00000000eab00000)
  object space 32256K, 19% used [0x00000000c0000000,0x00000000c062a4c8,0x00000000c1f80000)
 Metaspace       used 24223K, capacity 24464K, committed 24704K, reserved 1071104K
  class space    used 3066K, capacity 3169K, committed 3200K, reserved 1048576K
Event: 6.466 GC heap after
Heap after GC invocations=7 (full 1):
 PSYoungGen      total 54272K, used 3792K [0x00000000eab00000, 0x00000000eed80000, 0x0000000100000000)
  eden space 47104K, 0% used [0x00000000eab00000,0x00000000eab00000,0x00000000ed900000)
  from space 7168K, 52% used [0x00000000edf80000,0x00000000ee334040,0x00000000ee680000)
  to   space 6656K, 0% used [0x00000000ed900000,0x00000000ed900000,0x00000000edf80000)
 ParOldGen       total 32256K, used 6321K [0x00000000c0000000, 0x00000000c1f80000, 0x00000000eab00000)
  object space 32256K, 19% used [0x00000000c0000000,0x00000000c062c4c8,0x00000000c1f80000)
 Metaspace       used 24223K, capacity 24464K, committed 24704K, reserved 1071104K
  class space    used 3066K, capacity 3169K, committed 3200K, reserved 1048576K
}
Event: 8.572 GC heap before
{Heap before GC invocations=8 (full 1):
 PSYoungGen      total 54272K, used 45679K [0x00000000eab00000, 0x00000000eed80000, 0x0000000100000000)
  eden space 47104K, 88% used [0x00000000eab00000,0x00000000ed3e7ee0,0x00000000ed900000)
  from space 7168K, 52% used [0x00000000edf80000,0x00000000ee334040,0x00000000ee680000)
  to   space 6656K, 0% used [0x00000000ed900000,0x00000000ed900000,0x00000000edf80000)
 ParOldGen       total 32256K, used 6321K [0x00000000c0000000, 0x00000000c1f80000, 0x00000000eab00000)
  object space 32256K, 19% used [0x00000000c0000000,0x00000000c062c4c8,0x00000000c1f80000)
 Metaspace       used 34607K, capacity 35334K, committed 35416K, reserved 1079296K
  class space    used 4655K, capacity 4825K, committed 4864K, reserved 1048576K
Event: 8.597 GC heap after
Heap after GC invocations=8 (full 1):
 PSYoungGen      total 53760K, used 6651K [0x00000000eab00000, 0x00000000f0c00000, 0x0000000100000000)
  eden space 47104K, 0% used [0x00000000eab00000,0x00000000eab00000,0x00000000ed900000)
  from space 6656K, 99% used [0x00000000ed900000,0x00000000edf7efa8,0x00000000edf80000)
  to   space 9728K, 0% used [0x00000000f0280000,0x00000000f0280000,0x00000000f0c00000)
 ParOldGen       total 32256K, used 9328K [0x00000000c0000000, 0x00000000c1f80000, 0x00000000eab00000)
  object space 32256K, 28% used [0x00000000c0000000,0x00000000c091c178,0x00000000c1f80000)
 Metaspace       used 34607K, capacity 35334K, committed 35416K, reserved 1079296K
  class space    used 4655K, capacity 4825K, committed 4864K, reserved 1048576K
}
Event: 8.597 GC heap before
{Heap before GC invocations=9 (full 2):
 PSYoungGen      total 53760K, used 6651K [0x00000000eab00000, 0x00000000f0c00000, 0x0000000100000000)
  eden space 47104K, 0% used [0x00000000eab00000,0x00000000eab00000,0x00000000ed900000)
  from space 6656K, 99% used [0x00000000ed900000,0x00000000edf7efa8,0x00000000edf80000)
  to   space 9728K, 0% used [0x00000000f0280000,0x00000000f0280000,0x00000000f0c00000)
 ParOldGen       total 32256K, used 9328K [0x00000000c0000000, 0x00000000c1f80000, 0x00000000eab00000)
  object space 32256K, 28% used [0x00000000c0000000,0x00000000c091c178,0x00000000c1f80000)
 Metaspace       used 34607K, capacity 35334K, committed 35416K, reserved 1079296K
  class space    used 4655K, capacity 4825K, committed 4864K, reserved 1048576K
Event: 8.697 GC heap after
Heap after GC invocations=9 (full 2):
 PSYoungGen      total 53760K, used 0K [0x00000000eab00000, 0x00000000f0c00000, 0x0000000100000000)
  eden space 47104K, 0% used [0x00000000eab00000,0x00000000eab00000,0x00000000ed900000)
  from space 6656K, 0% used [0x00000000ed900000,0x00000000ed900000,0x00000000edf80000)
  to   space 9728K, 0% used [0x00000000f0280000,0x00000000f0280000,0x00000000f0c00000)
 ParOldGen       total 52736K, used 15314K [0x00000000c0000000, 0x00000000c3380000, 0x00000000eab00000)
  object space 52736K, 29% used [0x00000000c0000000,0x00000000c0ef48b0,0x00000000c3380000)
 Metaspace       used 34603K, capacity 35328K, committed 35416K, reserved 1079296K
  class space    used 4654K, capacity 4824K, committed 4864K, reserved 1048576K
}

