# JRE version: Java(TM) SE Runtime Environment (8.0_111-b14) (build 1.8.0_111-b14)
# Java VM: Java HotSpot(TM) 64-Bit Server VM (25.111-b14 mixed mode windows-amd64 compressed oops)
Heap:
 PSYoungGen      total 47616K, used 29580K [0x00000000eab00000, 0x00000000ee880000, 0x0000000100000000)
  eden space 40448K, 67% used [0x00000000eab00000,0x00000000ec57d7a0,0x00000000ed280000)
  from space 7168K, 34% used [0x00000000ed900000,0x00000000edb65a20,0x00000000ee000000)
  to   space 6656K, 0% used [0x00000000ed280000,0x00000000ed280000,0x00000000ed900000)
 ParOldGen       total 34816K, used 6336K [0x00000000c0000000, 0x00000000c2200000, 0x00000000eab00000)
  object space 34816K, 18% used [0x00000000c0000000,0x00000000c0630338,0x00000000c2200000)
 Metaspace       used 28513K, capacity 29104K, committed 29184K, reserved 1075200K
  class space    used 3649K, capacity 3784K, committed 3840K, reserved 1048576K
GC Heap History (10 events):
Event: 3.618 GC heap before
{Heap before GC invocations=3 (full 0):
 PSYoungGen      total 18944K, used 7346K [0x00000000eab00000, 0x00000000ec000000, 0x0000000100000000)
  eden space 16384K, 29% used [0x00000000eab00000,0x00000000eafaf6d0,0x00000000ebb00000)
  from space 2560K, 99% used [0x00000000ebd80000,0x00000000ebffd4c8,0x00000000ec000000)
  to   space 2560K, 0% used [0x00000000ebb00000,0x00000000ebb00000,0x00000000ebd80000)
 ParOldGen       total 44032K, used 4928K [0x00000000c0000000, 0x00000000c2b00000, 0x00000000eab00000)
  object space 44032K, 11% used [0x00000000c0000000,0x00000000c04d0270,0x00000000c2b00000)
 Metaspace       used 20925K, capacity 21140K, committed 21248K, reserved 1067008K
  class space    used 2742K, capacity 2812K, committed 2816K, reserved 1048576K
Event: 3.626 GC heap after
Heap after GC invocations=3 (full 0):
 PSYoungGen      total 18944K, used 2549K [0x00000000eab00000, 0x00000000ed000000, 0x0000000100000000)
  eden space 16384K, 0% used [0x00000000eab00000,0x00000000eab00000,0x00000000ebb00000)
  from space 2560K, 99% used [0x00000000ebb00000,0x00000000ebd7d4c8,0x00000000ebd80000)
  to   space 2560K, 0% used [0x00000000ecd80000,0x00000000ecd80000,0x00000000ed000000)
 ParOldGen       total 44032K, used 5530K [0x00000000c0000000, 0x00000000c2b00000, 0x00000000eab00000)
  object space 44032K, 12% used [0x00000000c0000000,0x00000000c0566ba8,0x00000000c2b00000)
 Metaspace       used 20925K, capacity 21140K, committed 21248K, reserved 1067008K
  class space    used 2742K, capacity 2812K, committed 2816K, reserved 1048576K
}
Event: 3.626 GC heap before
{Heap before GC invocations=4 (full 1):
 PSYoungGen      total 18944K, used 2549K [0x00000000eab00000, 0x00000000ed000000, 0x0000000100000000)
  eden space 16384K, 0% used [0x00000000eab00000,0x00000000eab00000,0x00000000ebb00000)
  from space 2560K, 99% used [0x00000000ebb00000,0x00000000ebd7d4c8,0x00000000ebd80000)
  to   space 2560K, 0% used [0x00000000ecd80000,0x00000000ecd80000,0x00000000ed000000)
 ParOldGen       total 44032K, used 5530K [0x00000000c0000000, 0x00000000c2b00000, 0x00000000eab00000)
  object space 44032K, 12% used [0x00000000c0000000,0x00000000c0566ba8,0x00000000c2b00000)
 Metaspace       used 20925K, capacity 21140K, committed 21248K, reserved 1067008K
  class space    used 2742K, capacity 2812K, committed 2816K, reserved 1048576K
Event: 3.679 GC heap after
Heap after GC invocations=4 (full 1):
 PSYoungGen      total 18944K, used 0K [0x00000000eab00000, 0x00000000ed000000, 0x0000000100000000)
  eden space 16384K, 0% used [0x00000000eab00000,0x00000000eab00000,0x00000000ebb00000)
  from space 2560K, 0% used [0x00000000ebb00000,0x00000000ebb00000,0x00000000ebd80000)
  to   space 2560K, 0% used [0x00000000ecd80000,0x00000000ecd80000,0x00000000ed000000)
 ParOldGen       total 34816K, used 6312K [0x00000000c0000000, 0x00000000c2200000, 0x00000000eab00000)
  object space 34816K, 18% used [0x00000000c0000000,0x00000000c062a338,0x00000000c2200000)
 Metaspace       used 20925K, capacity 21140K, committed 21248K, reserved 1067008K
  class space    used 2742K, capacity 2812K, committed 2816K, reserved 1048576K
}
Event: 4.263 GC heap before
{Heap before GC invocations=5 (full 1):
 PSYoungGen      total 18944K, used 16360K [0x00000000eab00000, 0x00000000ed000000, 0x0000000100000000)
  eden space 16384K, 99% used [0x00000000eab00000,0x00000000ebafa2c0,0x00000000ebb00000)
  from space 2560K, 0% used [0x00000000ebb00000,0x00000000ebb00000,0x00000000ebd80000)
  to   space 2560K, 0% used [0x00000000ecd80000,0x00000000ecd80000,0x00000000ed000000)
 ParOldGen       total 34816K, used 6312K [0x00000000c0000000, 0x00000000c2200000, 0x00000000eab00000)
  object space 34816K, 18% used [0x00000000c0000000,0x00000000c062a338,0x00000000c2200000)
 Metaspace       used 21982K, capacity 22234K, committed 22400K, reserved 1069056K
  class space    used 2867K, capacity 2942K, committed 2944K, reserved 1048576K
Event: 4.269 GC heap after
Heap after GC invocations=5 (full 1):
 PSYoungGen      total 26624K, used 1419K [0x00000000eab00000, 0x00000000ecf00000, 0x0000000100000000)
  eden space 25088K, 0% used [0x00000000eab00000,0x00000000eab00000,0x00000000ec380000)
  from space 1536K, 92% used [0x00000000ecd80000,0x00000000ecee2ec0,0x00000000ecf00000)
  to   space 2560K, 0% used [0x00000000eca00000,0x00000000eca00000,0x00000000ecc80000)
 ParOldGen       total 34816K, used 6320K [0x00000000c0000000, 0x00000000c2200000, 0x00000000eab00000)
  object space 34816K, 18% used [0x00000000c0000000,0x00000000c062c338,0x00000000c2200000)
 Metaspace       used 21982K, capacity 22234K, committed 22400K, reserved 1069056K
  class space    used 2867K, capacity 2942K, committed 2944K, reserved 1048576K
}
Event: 4.610 GC heap before
{Heap before GC invocations=6 (full 1):
 PSYoungGen      total 26624K, used 26507K [0x00000000eab00000, 0x00000000ecf00000, 0x0000000100000000)
  eden space 25088K, 100% used [0x00000000eab00000,0x00000000ec380000,0x00000000ec380000)
  from space 1536K, 92% used [0x00000000ecd80000,0x00000000ecee2ec0,0x00000000ecf00000)
  to   space 2560K, 0% used [0x00000000eca00000,0x00000000eca00000,0x00000000ecc80000)
 ParOldGen       total 34816K, used 6320K [0x00000000c0000000, 0x00000000c2200000, 0x00000000eab00000)
  object space 34816K, 18% used [0x00000000c0000000,0x00000000c062c338,0x00000000c2200000)
 Metaspace       used 22684K, capacity 22976K, committed 23296K, reserved 1069056K
  class space    used 2944K, capacity 3039K, committed 3072K, reserved 1048576K
Event: 4.622 GC heap after
Heap after GC invocations=6 (full 1):
 PSYoungGen      total 34304K, used 1996K [0x00000000eab00000, 0x00000000ee000000, 0x0000000100000000)
  eden space 31744K, 0% used [0x00000000eab00000,0x00000000eab00000,0x00000000eca00000)
  from space 2560K, 77% used [0x00000000eca00000,0x00000000ecbf3238,0x00000000ecc80000)
  to   space 7168K, 0% used [0x00000000ed900000,0x00000000ed900000,0x00000000ee000000)
 ParOldGen       total 34816K, used 6328K [0x00000000c0000000, 0x00000000c2200000, 0x00000000eab00000)
  object space 34816K, 18% used [0x00000000c0000000,0x00000000c062e338,0x00000000c2200000)
 Metaspace       used 22684K, capacity 22976K, committed 23296K, reserved 1069056K
  class space    used 2944K, capacity 3039K, committed 3072K, reserved 1048576K
}
Event: 5.002 GC heap before
{Heap before GC invocations=7 (full 1):
 PSYoungGen      total 34304K, used 33740K [0x00000000eab00000, 0x00000000ee000000, 0x0000000100000000)
  eden space 31744K, 100% used [0x00000000eab00000,0x00000000eca00000,0x00000000eca00000)
  from space 2560K, 77% used [0x00000000eca00000,0x00000000ecbf3238,0x00000000ecc80000)
  to   space 7168K, 0% used [0x00000000ed900000,0x00000000ed900000,0x00000000ee000000)
 ParOldGen       total 34816K, used 6328K [0x00000000c0000000, 0x00000000c2200000, 0x00000000eab00000)
  object space 34816K, 18% used [0x00000000c0000000,0x00000000c062e338,0x00000000c2200000)
 Metaspace       used 23771K, capacity 24012K, committed 24448K, reserved 1071104K
  class space    used 3010K, capacity 3105K, committed 3200K, reserved 1048576K
Event: 5.008 GC heap after
Heap after GC invocations=7 (full 1):
 PSYoungGen      total 47616K, used 2454K [0x00000000eab00000, 0x00000000ee880000, 0x0000000100000000)
  eden space 40448K, 0% used [0x00000000eab00000,0x00000000eab00000,0x00000000ed280000)
  from space 7168K, 34% used [0x00000000ed900000,0x00000000edb65a20,0x00000000ee000000)
  to   space 6656K, 0% used [0x00000000ed280000,0x00000000ed280000,0x00000000ed900000)
 ParOldGen       total 34816K, used 6336K [0x00000000c0000000, 0x00000000c2200000, 0x00000000eab00000)
  object space 34816K, 18% used [0x00000000c0000000,0x00000000c0630338,0x00000000c2200000)
 Metaspace       used 23771K, capacity 24012K, committed 24448K, reserved 1071104K
  class space    used 3010K, capacity 3105K, committed 3200K, reserved 1048576K
}

