# JRE version: Java(TM) SE Runtime Environment (8.0_111-b14) (build 1.8.0_111-b14)
# Java VM: Java HotSpot(TM) 64-Bit Server VM (25.111-b14 mixed mode windows-amd64 compressed oops)
Heap:
 PSYoungGen      total 90624K, used 24665K [0x00000000eab00000, 0x00000000f3b00000, 0x0000000100000000)
  eden space 79872K, 30% used [0x00000000eab00000,0x00000000ec3165f8,0x00000000ef900000)
  from space 10752K, 0% used [0x00000000ef900000,0x00000000ef900000,0x00000000f0380000)
  to   space 11264K, 0% used [0x00000000f3000000,0x00000000f3000000,0x00000000f3b00000)
 ParOldGen       total 41984K, used 15888K [0x00000000c0000000, 0x00000000c2900000, 0x00000000eab00000)
  object space 41984K, 37% used [0x00000000c0000000,0x00000000c0f840e0,0x00000000c2900000)
 Metaspace       used 39953K, capacity 40928K, committed 41216K, reserved 1085440K
  class space    used 5313K, capacity 5576K, committed 5632K, reserved 1048576K
GC Heap History (10 events):
Event: 7.305 GC heap before
{Heap before GC invocations=7 (full 1):
 PSYoungGen      total 34304K, used 33770K [0x00000000eab00000, 0x00000000ee880000, 0x0000000100000000)
  eden space 31744K, 100% used [0x00000000eab00000,0x00000000eca00000,0x00000000eca00000)
  from space 2560K, 79% used [0x00000000eca00000,0x00000000ecbfab48,0x00000000ecc80000)
  to   space 6656K, 0% used [0x00000000ee200000,0x00000000ee200000,0x00000000ee880000)
 ParOldGen       total 31232K, used 6368K [0x00000000c0000000, 0x00000000c1e80000, 0x00000000eab00000)
  object space 31232K, 20% used [0x00000000c0000000,0x00000000c0638058,0x00000000c1e80000)
 Metaspace       used 24863K, capacity 25136K, committed 25600K, reserved 1071104K
  class space    used 3109K, capacity 3201K, committed 3328K, reserved 1048576K
Event: 7.314 GC heap after
Heap after GC invocations=7 (full 1):
 PSYoungGen      total 56320K, used 3984K [0x00000000eab00000, 0x00000000eed80000, 0x0000000100000000)
  eden space 49664K, 0% used [0x00000000eab00000,0x00000000eab00000,0x00000000edb80000)
  from space 6656K, 59% used [0x00000000ee200000,0x00000000ee5e4048,0x00000000ee880000)
  to   space 6656K, 0% used [0x00000000edb80000,0x00000000edb80000,0x00000000ee200000)
 ParOldGen       total 31232K, used 6376K [0x00000000c0000000, 0x00000000c1e80000, 0x00000000eab00000)
  object space 31232K, 20% used [0x00000000c0000000,0x00000000c063a058,0x00000000c1e80000)
 Metaspace       used 24863K, capacity 25136K, committed 25600K, reserved 1071104K
  class space    used 3109K, capacity 3201K, committed 3328K, reserved 1048576K
}
Event: 33.595 GC heap before
{Heap before GC invocations=8 (full 1):
 PSYoungGen      total 56320K, used 53648K [0x00000000eab00000, 0x00000000eed80000, 0x0000000100000000)
  eden space 49664K, 100% used [0x00000000eab00000,0x00000000edb80000,0x00000000edb80000)
  from space 6656K, 59% used [0x00000000ee200000,0x00000000ee5e4048,0x00000000ee880000)
  to   space 6656K, 0% used [0x00000000edb80000,0x00000000edb80000,0x00000000ee200000)
 ParOldGen       total 31232K, used 6376K [0x00000000c0000000, 0x00000000c1e80000, 0x00000000eab00000)
  object space 31232K, 20% used [0x00000000c0000000,0x00000000c063a058,0x00000000c1e80000)
 Metaspace       used 29744K, capacity 30346K, committed 30592K, reserved 1075200K
  class space    used 3714K, capacity 3861K, committed 3968K, reserved 1048576K
Event: 33.619 GC heap after
Heap after GC invocations=8 (full 1):
 PSYoungGen      total 56320K, used 6650K [0x00000000eab00000, 0x00000000f0d00000, 0x0000000100000000)
  eden space 49664K, 0% used [0x00000000eab00000,0x00000000eab00000,0x00000000edb80000)
  from space 6656K, 99% used [0x00000000edb80000,0x00000000ee1fe8c0,0x00000000ee200000)
  to   space 8704K, 0% used [0x00000000f0480000,0x00000000f0480000,0x00000000f0d00000)
 ParOldGen       total 31232K, used 8091K [0x00000000c0000000, 0x00000000c1e80000, 0x00000000eab00000)
  object space 31232K, 25% used [0x00000000c0000000,0x00000000c07e6fc0,0x00000000c1e80000)
 Metaspace       used 29744K, capacity 30346K, committed 30592K, reserved 1075200K
  class space    used 3714K, capacity 3861K, committed 3968K, reserved 1048576K
}
Event: 67.730 GC heap before
{Heap before GC invocations=9 (full 1):
 PSYoungGen      total 56320K, used 56314K [0x00000000eab00000, 0x00000000f0d00000, 0x0000000100000000)
  eden space 49664K, 100% used [0x00000000eab00000,0x00000000edb80000,0x00000000edb80000)
  from space 6656K, 99% used [0x00000000edb80000,0x00000000ee1fe8c0,0x00000000ee200000)
  to   space 8704K, 0% used [0x00000000f0480000,0x00000000f0480000,0x00000000f0d00000)
 ParOldGen       total 31232K, used 8091K [0x00000000c0000000, 0x00000000c1e80000, 0x00000000eab00000)
  object space 31232K, 25% used [0x00000000c0000000,0x00000000c07e6fc0,0x00000000c1e80000)
 Metaspace       used 34457K, capacity 35176K, committed 35328K, reserved 1079296K
  class space    used 4306K, capacity 4482K, committed 4608K, reserved 1048576K
Event: 67.759 GC heap after
Heap after GC invocations=9 (full 1):
 PSYoungGen      total 88576K, used 8702K [0x00000000eab00000, 0x00000000f0e00000, 0x0000000100000000)
  eden space 79872K, 0% used [0x00000000eab00000,0x00000000eab00000,0x00000000ef900000)
  from space 8704K, 99% used [0x00000000f0480000,0x00000000f0cff850,0x00000000f0d00000)
  to   space 10752K, 0% used [0x00000000ef900000,0x00000000ef900000,0x00000000f0380000)
 ParOldGen       total 31232K, used 9588K [0x00000000c0000000, 0x00000000c1e80000, 0x00000000eab00000)
  object space 31232K, 30% used [0x00000000c0000000,0x00000000c095d248,0x00000000c1e80000)
 Metaspace       used 34457K, capacity 35176K, committed 35328K, reserved 1079296K
  class space    used 4306K, capacity 4482K, committed 4608K, reserved 1048576K
}
Event: 67.787 GC heap before
{Heap before GC invocations=10 (full 1):
 PSYoungGen      total 88576K, used 9802K [0x00000000eab00000, 0x00000000f0e00000, 0x0000000100000000)
  eden space 79872K, 1% used [0x00000000eab00000,0x00000000eac132d0,0x00000000ef900000)
  from space 8704K, 99% used [0x00000000f0480000,0x00000000f0cff850,0x00000000f0d00000)
  to   space 10752K, 0% used [0x00000000ef900000,0x00000000ef900000,0x00000000f0380000)
 ParOldGen       total 31232K, used 9588K [0x00000000c0000000, 0x00000000c1e80000, 0x00000000eab00000)
  object space 31232K, 30% used [0x00000000c0000000,0x00000000c095d248,0x00000000c1e80000)
 Metaspace       used 34606K, capacity 35298K, committed 35416K, reserved 1081344K
  class space    used 4330K, capacity 4517K, committed 4608K, reserved 1048576K
Event: 67.810 GC heap after
Heap after GC invocations=10 (full 1):
 PSYoungGen      total 90624K, used 7016K [0x00000000eab00000, 0x00000000f3b00000, 0x0000000100000000)
  eden space 79872K, 0% used [0x00000000eab00000,0x00000000eab00000,0x00000000ef900000)
  from space 10752K, 65% used [0x00000000ef900000,0x00000000effda3f0,0x00000000f0380000)
  to   space 11264K, 0% used [0x00000000f3000000,0x00000000f3000000,0x00000000f3b00000)
 ParOldGen       total 31232K, used 11410K [0x00000000c0000000, 0x00000000c1e80000, 0x00000000eab00000)
  object space 31232K, 36% used [0x00000000c0000000,0x00000000c0b24b98,0x00000000c1e80000)
 Metaspace       used 34606K, capacity 35298K, committed 35416K, reserved 1081344K
  class space    used 4330K, capacity 4517K, committed 4608K, reserved 1048576K
}
Event: 67.810 GC heap before
{Heap before GC invocations=11 (full 2):
 PSYoungGen      total 90624K, used 7016K [0x00000000eab00000, 0x00000000f3b00000, 0x0000000100000000)
  eden space 79872K, 0% used [0x00000000eab00000,0x00000000eab00000,0x00000000ef900000)
  from space 10752K, 65% used [0x00000000ef900000,0x00000000effda3f0,0x00000000f0380000)
  to   space 11264K, 0% used [0x00000000f3000000,0x00000000f3000000,0x00000000f3b00000)
 ParOldGen       total 31232K, used 11410K [0x00000000c0000000, 0x00000000c1e80000, 0x00000000eab00000)
  object space 31232K, 36% used [0x00000000c0000000,0x00000000c0b24b98,0x00000000c1e80000)
 Metaspace       used 34606K, capacity 35298K, committed 35416K, reserved 1081344K
  class space    used 4330K, capacity 4517K, committed 4608K, reserved 1048576K
Event: 67.928 GC heap after
Heap after GC invocations=11 (full 2):
 PSYoungGen      total 90624K, used 0K [0x00000000eab00000, 0x00000000f3b00000, 0x0000000100000000)
  eden space 79872K, 0% used [0x00000000eab00000,0x00000000eab00000,0x00000000ef900000)
  from space 10752K, 0% used [0x00000000ef900000,0x00000000ef900000,0x00000000f0380000)
  to   space 11264K, 0% used [0x00000000f3000000,0x00000000f3000000,0x00000000f3b00000)
 ParOldGen       total 41984K, used 15888K [0x00000000c0000000, 0x00000000c2900000, 0x00000000eab00000)
  object space 41984K, 37% used [0x00000000c0000000,0x00000000c0f840e0,0x00000000c2900000)
 Metaspace       used 34606K, capacity 35298K, committed 35416K, reserved 1081344K
  class space    used 4330K, capacity 4517K, committed 4608K, reserved 1048576K
}

