# JRE version: Java(TM) SE Runtime Environment (8.0_111-b14) (build 1.8.0_111-b14)
# Java VM: Java HotSpot(TM) 64-Bit Server VM (25.111-b14 mixed mode windows-amd64 compressed oops)
Heap:
 PSYoungGen      total 34816K, used 18078K [0x00000000eab00000, 0x00000000ee280000, 0x0000000100000000)
  eden space 32256K, 51% used [0x00000000eab00000,0x00000000ebb3c220,0x00000000eca80000)
  from space 2560K, 56% used [0x00000000eca80000,0x00000000ecbeb960,0x00000000ecd00000)
  to   space 7680K, 0% used [0x00000000edb00000,0x00000000edb00000,0x00000000ee280000)
 ParOldGen       total 34816K, used 7087K [0x00000000c0000000, 0x00000000c2200000, 0x00000000eab00000)
  object space 34816K, 20% used [0x00000000c0000000,0x00000000c06ebf08,0x00000000c2200000)
 Metaspace       used 24035K, capacity 24280K, committed 24704K, reserved 1071104K
  class space    used 3050K, capacity 3135K, committed 3200K, reserved 1048576K
GC Heap History (10 events):
Event: 4.087 GC heap before
{Heap before GC invocations=2 (full 0):
 PSYoungGen      total 18944K, used 18921K [0x00000000eab00000, 0x00000000ec000000, 0x0000000100000000)
  eden space 16384K, 100% used [0x00000000eab00000,0x00000000ebb00000,0x00000000ebb00000)
  from space 2560K, 99% used [0x00000000ebb00000,0x00000000ebd7a630,0x00000000ebd80000)
  to   space 2560K, 0% used [0x00000000ebd80000,0x00000000ebd80000,0x00000000ec000000)
 ParOldGen       total 44032K, used 1477K [0x00000000c0000000, 0x00000000c2b00000, 0x00000000eab00000)
  object space 44032K, 3% used [0x00000000c0000000,0x00000000c0171718,0x00000000c2b00000)
 Metaspace       used 19056K, capacity 19276K, committed 19456K, reserved 1067008K
  class space    used 2484K, capacity 2556K, committed 2560K, reserved 1048576K
Event: 4.102 GC heap after
Heap after GC invocations=2 (full 0):
 PSYoungGen      total 18944K, used 2541K [0x00000000eab00000, 0x00000000ec000000, 0x0000000100000000)
  eden space 16384K, 0% used [0x00000000eab00000,0x00000000eab00000,0x00000000ebb00000)
  from space 2560K, 99% used [0x00000000ebd80000,0x00000000ebffb6c0,0x00000000ec000000)
  to   space 2560K, 0% used [0x00000000ebb00000,0x00000000ebb00000,0x00000000ebd80000)
 ParOldGen       total 44032K, used 5195K [0x00000000c0000000, 0x00000000c2b00000, 0x00000000eab00000)
  object space 44032K, 11% used [0x00000000c0000000,0x00000000c0512ec8,0x00000000c2b00000)
 Metaspace       used 19056K, capacity 19276K, committed 19456K, reserved 1067008K
  class space    used 2484K, capacity 2556K, committed 2560K, reserved 1048576K
}
Event: 4.272 GC heap before
{Heap before GC invocations=3 (full 0):
 PSYoungGen      total 18944K, used 8716K [0x00000000eab00000, 0x00000000ec000000, 0x0000000100000000)
  eden space 16384K, 37% used [0x00000000eab00000,0x00000000eb107cd8,0x00000000ebb00000)
  from space 2560K, 99% used [0x00000000ebd80000,0x00000000ebffb6c0,0x00000000ec000000)
  to   space 2560K, 0% used [0x00000000ebb00000,0x00000000ebb00000,0x00000000ebd80000)
 ParOldGen       total 44032K, used 5195K [0x00000000c0000000, 0x00000000c2b00000, 0x00000000eab00000)
  object space 44032K, 11% used [0x00000000c0000000,0x00000000c0512ec8,0x00000000c2b00000)
 Metaspace       used 20945K, capacity 21132K, committed 21248K, reserved 1067008K
  class space    used 2747K, capacity 2812K, committed 2816K, reserved 1048576K
Event: 4.281 GC heap after
Heap after GC invocations=3 (full 0):
 PSYoungGen      total 18944K, used 2557K [0x00000000eab00000, 0x00000000ed000000, 0x0000000100000000)
  eden space 16384K, 0% used [0x00000000eab00000,0x00000000eab00000,0x00000000ebb00000)
  from space 2560K, 99% used [0x00000000ebb00000,0x00000000ebd7f6d0,0x00000000ebd80000)
  to   space 2560K, 0% used [0x00000000ecd80000,0x00000000ecd80000,0x00000000ed000000)
 ParOldGen       total 44032K, used 5983K [0x00000000c0000000, 0x00000000c2b00000, 0x00000000eab00000)
  object space 44032K, 13% used [0x00000000c0000000,0x00000000c05d7e28,0x00000000c2b00000)
 Metaspace       used 20945K, capacity 21132K, committed 21248K, reserved 1067008K
  class space    used 2747K, capacity 2812K, committed 2816K, reserved 1048576K
}
Event: 4.281 GC heap before
{Heap before GC invocations=4 (full 1):
 PSYoungGen      total 18944K, used 2557K [0x00000000eab00000, 0x00000000ed000000, 0x0000000100000000)
  eden space 16384K, 0% used [0x00000000eab00000,0x00000000eab00000,0x00000000ebb00000)
  from space 2560K, 99% used [0x00000000ebb00000,0x00000000ebd7f6d0,0x00000000ebd80000)
  to   space 2560K, 0% used [0x00000000ecd80000,0x00000000ecd80000,0x00000000ed000000)
 ParOldGen       total 44032K, used 5983K [0x00000000c0000000, 0x00000000c2b00000, 0x00000000eab00000)
  object space 44032K, 13% used [0x00000000c0000000,0x00000000c05d7e28,0x00000000c2b00000)
 Metaspace       used 20945K, capacity 21132K, committed 21248K, reserved 1067008K
  class space    used 2747K, capacity 2812K, committed 2816K, reserved 1048576K
Event: 4.339 GC heap after
Heap after GC invocations=4 (full 1):
 PSYoungGen      total 18944K, used 0K [0x00000000eab00000, 0x00000000ed000000, 0x0000000100000000)
  eden space 16384K, 0% used [0x00000000eab00000,0x00000000eab00000,0x00000000ebb00000)
  from space 2560K, 0% used [0x00000000ebb00000,0x00000000ebb00000,0x00000000ebd80000)
  to   space 2560K, 0% used [0x00000000ecd80000,0x00000000ecd80000,0x00000000ed000000)
 ParOldGen       total 34816K, used 7071K [0x00000000c0000000, 0x00000000c2200000, 0x00000000eab00000)
  object space 34816K, 20% used [0x00000000c0000000,0x00000000c06e7f08,0x00000000c2200000)
 Metaspace       used 20945K, capacity 21132K, committed 21248K, reserved 1067008K
  class space    used 2747K, capacity 2812K, committed 2816K, reserved 1048576K
}
Event: 4.755 GC heap before
{Heap before GC invocations=5 (full 1):
 PSYoungGen      total 18944K, used 16384K [0x00000000eab00000, 0x00000000ed000000, 0x0000000100000000)
  eden space 16384K, 100% used [0x00000000eab00000,0x00000000ebb00000,0x00000000ebb00000)
  from space 2560K, 0% used [0x00000000ebb00000,0x00000000ebb00000,0x00000000ebd80000)
  to   space 2560K, 0% used [0x00000000ecd80000,0x00000000ecd80000,0x00000000ed000000)
 ParOldGen       total 34816K, used 7071K [0x00000000c0000000, 0x00000000c2200000, 0x00000000eab00000)
  object space 34816K, 20% used [0x00000000c0000000,0x00000000c06e7f08,0x00000000c2200000)
 Metaspace       used 22293K, capacity 22546K, committed 22784K, reserved 1069056K
  class space    used 2906K, capacity 3006K, committed 3072K, reserved 1048576K
Event: 4.760 GC heap after
Heap after GC invocations=5 (full 1):
 PSYoungGen      total 28160K, used 1603K [0x00000000eab00000, 0x00000000ecf80000, 0x0000000100000000)
  eden space 26112K, 0% used [0x00000000eab00000,0x00000000eab00000,0x00000000ec480000)
  from space 2048K, 78% used [0x00000000ecd80000,0x00000000ecf10fb8,0x00000000ecf80000)
  to   space 2560K, 0% used [0x00000000eca80000,0x00000000eca80000,0x00000000ecd00000)
 ParOldGen       total 34816K, used 7079K [0x00000000c0000000, 0x00000000c2200000, 0x00000000eab00000)
  object space 34816K, 20% used [0x00000000c0000000,0x00000000c06e9f08,0x00000000c2200000)
 Metaspace       used 22293K, capacity 22546K, committed 22784K, reserved 1069056K
  class space    used 2906K, capacity 3006K, committed 3072K, reserved 1048576K
}
Event: 4.966 GC heap before
{Heap before GC invocations=6 (full 1):
 PSYoungGen      total 28160K, used 27715K [0x00000000eab00000, 0x00000000ecf80000, 0x0000000100000000)
  eden space 26112K, 100% used [0x00000000eab00000,0x00000000ec480000,0x00000000ec480000)
  from space 2048K, 78% used [0x00000000ecd80000,0x00000000ecf10fb8,0x00000000ecf80000)
  to   space 2560K, 0% used [0x00000000eca80000,0x00000000eca80000,0x00000000ecd00000)
 ParOldGen       total 34816K, used 7079K [0x00000000c0000000, 0x00000000c2200000, 0x00000000eab00000)
  object space 34816K, 20% used [0x00000000c0000000,0x00000000c06e9f08,0x00000000c2200000)
 Metaspace       used 22603K, capacity 22808K, committed 23040K, reserved 1069056K
  class space    used 2924K, capacity 3007K, committed 3072K, reserved 1048576K
Event: 4.971 GC heap after
Heap after GC invocations=6 (full 1):
 PSYoungGen      total 34816K, used 1454K [0x00000000eab00000, 0x00000000ee280000, 0x0000000100000000)
  eden space 32256K, 0% used [0x00000000eab00000,0x00000000eab00000,0x00000000eca80000)
  from space 2560K, 56% used [0x00000000eca80000,0x00000000ecbeb960,0x00000000ecd00000)
  to   space 7680K, 0% used [0x00000000edb00000,0x00000000edb00000,0x00000000ee280000)
 ParOldGen       total 34816K, used 7087K [0x00000000c0000000, 0x00000000c2200000, 0x00000000eab00000)
  object space 34816K, 20% used [0x00000000c0000000,0x00000000c06ebf08,0x00000000c2200000)
 Metaspace       used 22603K, capacity 22808K, committed 23040K, reserved 1069056K
  class space    used 2924K, capacity 3007K, committed 3072K, reserved 1048576K
}

